Performing C++ SOURCE FILE Test CMAKE_HAVE_LIBC_PTHREAD failed with the following output:
Change Dir: /home/fasanchezc/modelos/dambreak_cu/build/CMakeFiles/CMakeTmp

Run Build Command(s):/usr/bin/gmake cmTC_10a67/fast && /usr/bin/gmake -f CMakeFiles/cmTC_10a67.dir/build.make CMakeFiles/cmTC_10a67.dir/build
gmake[1]: Entering directory `/home/fasanchezc/modelos/dambreak_cu/build/CMakeFiles/CMakeTmp'
Building CXX object CMakeFiles/cmTC_10a67.dir/src.cxx.o
/opt/ohpc/pub/devtools/gcc/5.3.0/bin/c++    -DCMAKE_HAVE_LIBC_PTHREAD   -std=gnu++11 -o CMakeFiles/cmTC_10a67.dir/src.cxx.o -c /home/fasanchezc/modelos/dambreak_cu/build/CMakeFiles/CMakeTmp/src.cxx
Linking CXX executable cmTC_10a67
/opt/ohpc/pub/utils/cmake/3.15.4/bin/cmake -E cmake_link_script CMakeFiles/cmTC_10a67.dir/link.txt --verbose=1
/opt/ohpc/pub/devtools/gcc/5.3.0/bin/c++   -DCMAKE_HAVE_LIBC_PTHREAD    CMakeFiles/cmTC_10a67.dir/src.cxx.o  -o cmTC_10a67 
CMakeFiles/cmTC_10a67.dir/src.cxx.o: In function `main':
src.cxx:(.text+0x2d): undefined reference to `pthread_create'
src.cxx:(.text+0x39): undefined reference to `pthread_detach'
src.cxx:(.text+0x4a): undefined reference to `pthread_join'
src.cxx:(.text+0x5e): undefined reference to `pthread_atfork'
collect2: error: ld returned 1 exit status
gmake[1]: *** [cmTC_10a67] Error 1
gmake[1]: Leaving directory `/home/fasanchezc/modelos/dambreak_cu/build/CMakeFiles/CMakeTmp'
gmake: *** [cmTC_10a67/fast] Error 2


Source file was:
#include <pthread.h>

void* test_func(void* data)
{
  return data;
}

int main(void)
{
  pthread_t thread;
  pthread_create(&thread, NULL, test_func, NULL);
  pthread_detach(thread);
  pthread_join(thread, NULL);
  pthread_atfork(NULL, NULL, NULL);
  pthread_exit(NULL);

  return 0;
}

Determining if the function pthread_create exists in the pthreads failed with the following output:
Change Dir: /home/fasanchezc/modelos/dambreak_cu/build/CMakeFiles/CMakeTmp

Run Build Command(s):/usr/bin/gmake cmTC_5deb2/fast && /usr/bin/gmake -f CMakeFiles/cmTC_5deb2.dir/build.make CMakeFiles/cmTC_5deb2.dir/build
gmake[1]: Entering directory `/home/fasanchezc/modelos/dambreak_cu/build/CMakeFiles/CMakeTmp'
Building CXX object CMakeFiles/cmTC_5deb2.dir/CheckFunctionExists.cxx.o
/opt/ohpc/pub/devtools/gcc/5.3.0/bin/c++    -DCHECK_FUNCTION_EXISTS=pthread_create   -std=gnu++11 -o CMakeFiles/cmTC_5deb2.dir/CheckFunctionExists.cxx.o -c /home/fasanchezc/modelos/dambreak_cu/build/CMakeFiles/CheckLibraryExists/CheckFunctionExists.cxx
Linking CXX executable cmTC_5deb2
/opt/ohpc/pub/utils/cmake/3.15.4/bin/cmake -E cmake_link_script CMakeFiles/cmTC_5deb2.dir/link.txt --verbose=1
/opt/ohpc/pub/devtools/gcc/5.3.0/bin/c++   -DCHECK_FUNCTION_EXISTS=pthread_create    CMakeFiles/cmTC_5deb2.dir/CheckFunctionExists.cxx.o  -o cmTC_5deb2 -lpthreads 
/usr/bin/ld: cannot find -lpthreads
collect2: error: ld returned 1 exit status
gmake[1]: *** [cmTC_5deb2] Error 1
gmake[1]: Leaving directory `/home/fasanchezc/modelos/dambreak_cu/build/CMakeFiles/CMakeTmp'
gmake: *** [cmTC_5deb2/fast] Error 2



