The system is: Linux - 3.10.0-1160.119.1.el7.x86_64 - x86_64
Compiling the CXX compiler identification source file "CMakeCXXCompilerId.cpp" succeeded.
Compiler: /opt/ohpc/pub/devtools/gcc/5.3.0/bin/c++ 
Build flags: 
Id flags:  

The output was:
0


Compilation of the CXX compiler identification source "CMakeCXXCompilerId.cpp" produced "a.out"

The CXX compiler identification is GNU, found in "/home/fasanchezc/modelos/dambreak_cu/build/CMakeFiles/3.15.4/CompilerIdCXX/a.out"

Determining if the CXX compiler works passed with the following output:
Change Dir: /home/fasanchezc/modelos/dambreak_cu/build/CMakeFiles/CMakeTmp

Run Build Command(s):/usr/bin/gmake cmTC_7c739/fast && /usr/bin/gmake -f CMakeFiles/cmTC_7c739.dir/build.make CMakeFiles/cmTC_7c739.dir/build
gmake[1]: Entering directory `/home/fasanchezc/modelos/dambreak_cu/build/CMakeFiles/CMakeTmp'
Building CXX object CMakeFiles/cmTC_7c739.dir/testCXXCompiler.cxx.o
/opt/ohpc/pub/devtools/gcc/5.3.0/bin/c++     -o CMakeFiles/cmTC_7c739.dir/testCXXCompiler.cxx.o -c /home/fasanchezc/modelos/dambreak_cu/build/CMakeFiles/CMakeTmp/testCXXCompiler.cxx
Linking CXX executable cmTC_7c739
/opt/ohpc/pub/utils/cmake/3.15.4/bin/cmake -E cmake_link_script CMakeFiles/cmTC_7c739.dir/link.txt --verbose=1
/opt/ohpc/pub/devtools/gcc/5.3.0/bin/c++       CMakeFiles/cmTC_7c739.dir/testCXXCompiler.cxx.o  -o cmTC_7c739 
gmake[1]: Leaving directory `/home/fasanchezc/modelos/dambreak_cu/build/CMakeFiles/CMakeTmp'



Detecting CXX compiler ABI info compiled with the following output:
Change Dir: /home/fasanchezc/modelos/dambreak_cu/build/CMakeFiles/CMakeTmp

Run Build Command(s):/usr/bin/gmake cmTC_3432f/fast && /usr/bin/gmake -f CMakeFiles/cmTC_3432f.dir/build.make CMakeFiles/cmTC_3432f.dir/build
gmake[1]: Entering directory `/home/fasanchezc/modelos/dambreak_cu/build/CMakeFiles/CMakeTmp'
Building CXX object CMakeFiles/cmTC_3432f.dir/CMakeCXXCompilerABI.cpp.o
/opt/ohpc/pub/devtools/gcc/5.3.0/bin/c++    -v -o CMakeFiles/cmTC_3432f.dir/CMakeCXXCompilerABI.cpp.o -c /opt/ohpc/pub/utils/cmake/3.15.4/share/cmake-3.15/Modules/CMakeCXXCompilerABI.cpp
Using built-in specs.
COLLECT_GCC=/opt/ohpc/pub/devtools/gcc/5.3.0/bin/c++
Target: x86_64-unknown-linux-gnu
Configured with: ../configure --prefix=/opt/ohpc/pub/compiler/gcc/5.3.0 --enable-languages=c,c++,fortran,go --enable-shared --disable-multilib --with-system-zlib : (reconfigured) ../configure --prefix=/opt/ohpc/pub/compiler/gcc/5.3.0 --enable-languages=c,c++,fortran,go --enable-shared --disable-multilib --with-system-zlib
Thread model: posix
gcc version 5.3.0 (GCC) 
COLLECT_GCC_OPTIONS='-v' '-o' 'CMakeFiles/cmTC_3432f.dir/CMakeCXXCompilerABI.cpp.o' '-c' '-shared-libgcc' '-mtune=generic' '-march=x86-64'
 /opt/ohpc/pub/devtools/gcc/5.3.0/bin/../libexec/gcc/x86_64-unknown-linux-gnu/5.3.0/cc1plus -quiet -v -iprefix /opt/ohpc/pub/devtools/gcc/5.3.0/bin/../lib/gcc/x86_64-unknown-linux-gnu/5.3.0/ -D_GNU_SOURCE /opt/ohpc/pub/utils/cmake/3.15.4/share/cmake-3.15/Modules/CMakeCXXCompilerABI.cpp -quiet -dumpbase CMakeCXXCompilerABI.cpp -mtune=generic -march=x86-64 -auxbase-strip CMakeFiles/cmTC_3432f.dir/CMakeCXXCompilerABI.cpp.o -version -o /tmp/cczNitmz.s
GNU C++ (GCC) version 5.3.0 (x86_64-unknown-linux-gnu)
	compiled by GNU C version 5.3.0, GMP version 4.3.2, MPFR version 2.4.2, MPC version 0.8.1
GGC heuristics: --param ggc-min-expand=100 --param ggc-min-heapsize=131072
ignoring nonexistent directory "/opt/ohpc/pub/devtools/gcc/5.3.0/bin/../lib/gcc/x86_64-unknown-linux-gnu/5.3.0/../../../../x86_64-unknown-linux-gnu/include"
ignoring duplicate directory "/opt/ohpc/pub/devtools/gcc/5.3.0/bin/../lib/gcc/../../lib/gcc/x86_64-unknown-linux-gnu/5.3.0/../../../../include/c++/5.3.0"
ignoring duplicate directory "/opt/ohpc/pub/devtools/gcc/5.3.0/bin/../lib/gcc/../../lib/gcc/x86_64-unknown-linux-gnu/5.3.0/../../../../include/c++/5.3.0/x86_64-unknown-linux-gnu"
ignoring duplicate directory "/opt/ohpc/pub/devtools/gcc/5.3.0/bin/../lib/gcc/../../lib/gcc/x86_64-unknown-linux-gnu/5.3.0/../../../../include/c++/5.3.0/backward"
ignoring duplicate directory "/opt/ohpc/pub/devtools/gcc/5.3.0/bin/../lib/gcc/../../lib/gcc/x86_64-unknown-linux-gnu/5.3.0/include"
ignoring duplicate directory "/opt/ohpc/pub/devtools/gcc/5.3.0/bin/../lib/gcc/../../lib/gcc/x86_64-unknown-linux-gnu/5.3.0/include-fixed"
ignoring nonexistent directory "/opt/ohpc/pub/devtools/gcc/5.3.0/bin/../lib/gcc/../../lib/gcc/x86_64-unknown-linux-gnu/5.3.0/../../../../x86_64-unknown-linux-gnu/include"
#include "..." search starts here:
#include <...> search starts here:
 /opt/ohpc/pub/devtools/gcc/5.3.0/bin/../lib/gcc/x86_64-unknown-linux-gnu/5.3.0/../../../../include/c++/5.3.0
 /opt/ohpc/pub/devtools/gcc/5.3.0/bin/../lib/gcc/x86_64-unknown-linux-gnu/5.3.0/../../../../include/c++/5.3.0/x86_64-unknown-linux-gnu
 /opt/ohpc/pub/devtools/gcc/5.3.0/bin/../lib/gcc/x86_64-unknown-linux-gnu/5.3.0/../../../../include/c++/5.3.0/backward
 /opt/ohpc/pub/devtools/gcc/5.3.0/bin/../lib/gcc/x86_64-unknown-linux-gnu/5.3.0/include
 /opt/ohpc/pub/devtools/gcc/5.3.0/bin/../lib/gcc/x86_64-unknown-linux-gnu/5.3.0/include-fixed
 /usr/local/include
 /opt/ohpc/pub/devtools/gcc/5.3.0/bin/../lib/gcc/../../include
 /usr/include
End of search list.
GNU C++ (GCC) version 5.3.0 (x86_64-unknown-linux-gnu)
	compiled by GNU C version 5.3.0, GMP version 4.3.2, MPFR version 2.4.2, MPC version 0.8.1
GGC heuristics: --param ggc-min-expand=100 --param ggc-min-heapsize=131072
Compiler executable checksum: f88074079a30decc8a29c12bba2eb7c0
COLLECT_GCC_OPTIONS='-v' '-o' 'CMakeFiles/cmTC_3432f.dir/CMakeCXXCompilerABI.cpp.o' '-c' '-shared-libgcc' '-mtune=generic' '-march=x86-64'
 as -v --64 -o CMakeFiles/cmTC_3432f.dir/CMakeCXXCompilerABI.cpp.o /tmp/cczNitmz.s
GNU assembler version 2.27 (x86_64-redhat-linux) using BFD version version 2.27-44.base.el7_9.1
COMPILER_PATH=/opt/ohpc/pub/devtools/gcc/5.3.0/bin/../libexec/gcc/x86_64-unknown-linux-gnu/5.3.0/:/opt/ohpc/pub/devtools/gcc/5.3.0/bin/../libexec/gcc/
LIBRARY_PATH=/opt/ohpc/pub/devtools/gcc/5.3.0/bin/../lib/gcc/x86_64-unknown-linux-gnu/5.3.0/:/opt/ohpc/pub/devtools/gcc/5.3.0/bin/../lib/gcc/:/opt/ohpc/pub/devtools/gcc/5.3.0/bin/../lib/gcc/x86_64-unknown-linux-gnu/5.3.0/../../../../lib64/:/lib/../lib64/:/usr/lib/../lib64/:/opt/ohpc/pub/devtools/gcc/5.3.0/bin/../lib/gcc/x86_64-unknown-linux-gnu/5.3.0/../../../:/lib/:/usr/lib/
COLLECT_GCC_OPTIONS='-v' '-o' 'CMakeFiles/cmTC_3432f.dir/CMakeCXXCompilerABI.cpp.o' '-c' '-shared-libgcc' '-mtune=generic' '-march=x86-64'
Linking CXX executable cmTC_3432f
/opt/ohpc/pub/utils/cmake/3.15.4/bin/cmake -E cmake_link_script CMakeFiles/cmTC_3432f.dir/link.txt --verbose=1
/opt/ohpc/pub/devtools/gcc/5.3.0/bin/c++      -v CMakeFiles/cmTC_3432f.dir/CMakeCXXCompilerABI.cpp.o  -o cmTC_3432f 
Using built-in specs.
COLLECT_GCC=/opt/ohpc/pub/devtools/gcc/5.3.0/bin/c++
COLLECT_LTO_WRAPPER=/opt/ohpc/pub/devtools/gcc/5.3.0/bin/../libexec/gcc/x86_64-unknown-linux-gnu/5.3.0/lto-wrapper
Target: x86_64-unknown-linux-gnu
Configured with: ../configure --prefix=/opt/ohpc/pub/compiler/gcc/5.3.0 --enable-languages=c,c++,fortran,go --enable-shared --disable-multilib --with-system-zlib : (reconfigured) ../configure --prefix=/opt/ohpc/pub/compiler/gcc/5.3.0 --enable-languages=c,c++,fortran,go --enable-shared --disable-multilib --with-system-zlib
Thread model: posix
gcc version 5.3.0 (GCC) 
COMPILER_PATH=/opt/ohpc/pub/devtools/gcc/5.3.0/bin/../libexec/gcc/x86_64-unknown-linux-gnu/5.3.0/:/opt/ohpc/pub/devtools/gcc/5.3.0/bin/../libexec/gcc/
LIBRARY_PATH=/opt/ohpc/pub/devtools/gcc/5.3.0/bin/../lib/gcc/x86_64-unknown-linux-gnu/5.3.0/:/opt/ohpc/pub/devtools/gcc/5.3.0/bin/../lib/gcc/:/opt/ohpc/pub/devtools/gcc/5.3.0/bin/../lib/gcc/x86_64-unknown-linux-gnu/5.3.0/../../../../lib64/:/lib/../lib64/:/usr/lib/../lib64/:/opt/ohpc/pub/devtools/gcc/5.3.0/bin/../lib/gcc/x86_64-unknown-linux-gnu/5.3.0/../../../:/lib/:/usr/lib/
COLLECT_GCC_OPTIONS='-v' '-o' 'cmTC_3432f' '-shared-libgcc' '-mtune=generic' '-march=x86-64'
 /opt/ohpc/pub/devtools/gcc/5.3.0/bin/../libexec/gcc/x86_64-unknown-linux-gnu/5.3.0/collect2 -plugin /opt/ohpc/pub/devtools/gcc/5.3.0/bin/../libexec/gcc/x86_64-unknown-linux-gnu/5.3.0/liblto_plugin.so -plugin-opt=/opt/ohpc/pub/devtools/gcc/5.3.0/bin/../libexec/gcc/x86_64-unknown-linux-gnu/5.3.0/lto-wrapper -plugin-opt=-fresolution=/tmp/ccwNzlRE.res -plugin-opt=-pass-through=-lgcc_s -plugin-opt=-pass-through=-lgcc -plugin-opt=-pass-through=-lc -plugin-opt=-pass-through=-lgcc_s -plugin-opt=-pass-through=-lgcc --eh-frame-hdr -m elf_x86_64 -dynamic-linker /lib64/ld-linux-x86-64.so.2 -o cmTC_3432f /lib/../lib64/crt1.o /lib/../lib64/crti.o /opt/ohpc/pub/devtools/gcc/5.3.0/bin/../lib/gcc/x86_64-unknown-linux-gnu/5.3.0/crtbegin.o -L/opt/ohpc/pub/devtools/gcc/5.3.0/bin/../lib/gcc/x86_64-unknown-linux-gnu/5.3.0 -L/opt/ohpc/pub/devtools/gcc/5.3.0/bin/../lib/gcc -L/opt/ohpc/pub/devtools/gcc/5.3.0/bin/../lib/gcc/x86_64-unknown-linux-gnu/5.3.0/../../../../lib64 -L/lib/../lib64 -L/usr/lib/../lib64 -L/opt/ohpc/pub/devtools/gcc/5.3.0/bin/../lib/gcc/x86_64-unknown-linux-gnu/5.3.0/../../.. CMakeFiles/cmTC_3432f.dir/CMakeCXXCompilerABI.cpp.o -lstdc++ -lm -lgcc_s -lgcc -lc -lgcc_s -lgcc /opt/ohpc/pub/devtools/gcc/5.3.0/bin/../lib/gcc/x86_64-unknown-linux-gnu/5.3.0/crtend.o /lib/../lib64/crtn.o
gmake[1]: Leaving directory `/home/fasanchezc/modelos/dambreak_cu/build/CMakeFiles/CMakeTmp'



Parsed CXX implicit include dir info from above output: rv=done
  found start of include info
  found start of implicit include info
    add: [/opt/ohpc/pub/devtools/gcc/5.3.0/bin/../lib/gcc/x86_64-unknown-linux-gnu/5.3.0/../../../../include/c++/5.3.0]
    add: [/opt/ohpc/pub/devtools/gcc/5.3.0/bin/../lib/gcc/x86_64-unknown-linux-gnu/5.3.0/../../../../include/c++/5.3.0/x86_64-unknown-linux-gnu]
    add: [/opt/ohpc/pub/devtools/gcc/5.3.0/bin/../lib/gcc/x86_64-unknown-linux-gnu/5.3.0/../../../../include/c++/5.3.0/backward]
    add: [/opt/ohpc/pub/devtools/gcc/5.3.0/bin/../lib/gcc/x86_64-unknown-linux-gnu/5.3.0/include]
    add: [/opt/ohpc/pub/devtools/gcc/5.3.0/bin/../lib/gcc/x86_64-unknown-linux-gnu/5.3.0/include-fixed]
    add: [/usr/local/include]
    add: [/opt/ohpc/pub/devtools/gcc/5.3.0/bin/../lib/gcc/../../include]
    add: [/usr/include]
  end of search list found
  collapse include dir [/opt/ohpc/pub/devtools/gcc/5.3.0/bin/../lib/gcc/x86_64-unknown-linux-gnu/5.3.0/../../../../include/c++/5.3.0] ==> [/opt/ohpc/pub/devtools/gcc/5.3.0/include/c++/5.3.0]
  collapse include dir [/opt/ohpc/pub/devtools/gcc/5.3.0/bin/../lib/gcc/x86_64-unknown-linux-gnu/5.3.0/../../../../include/c++/5.3.0/x86_64-unknown-linux-gnu] ==> [/opt/ohpc/pub/devtools/gcc/5.3.0/include/c++/5.3.0/x86_64-unknown-linux-gnu]
  collapse include dir [/opt/ohpc/pub/devtools/gcc/5.3.0/bin/../lib/gcc/x86_64-unknown-linux-gnu/5.3.0/../../../../include/c++/5.3.0/backward] ==> [/opt/ohpc/pub/devtools/gcc/5.3.0/include/c++/5.3.0/backward]
  collapse include dir [/opt/ohpc/pub/devtools/gcc/5.3.0/bin/../lib/gcc/x86_64-unknown-linux-gnu/5.3.0/include] ==> [/opt/ohpc/pub/devtools/gcc/5.3.0/lib/gcc/x86_64-unknown-linux-gnu/5.3.0/include]
  collapse include dir [/opt/ohpc/pub/devtools/gcc/5.3.0/bin/../lib/gcc/x86_64-unknown-linux-gnu/5.3.0/include-fixed] ==> [/opt/ohpc/pub/devtools/gcc/5.3.0/lib/gcc/x86_64-unknown-linux-gnu/5.3.0/include-fixed]
  collapse include dir [/usr/local/include] ==> [/usr/local/include]
  collapse include dir [/opt/ohpc/pub/devtools/gcc/5.3.0/bin/../lib/gcc/../../include] ==> [/opt/ohpc/pub/devtools/gcc/5.3.0/include]
  collapse include dir [/usr/include] ==> [/usr/include]
  implicit include dirs: [/opt/ohpc/pub/devtools/gcc/5.3.0/include/c++/5.3.0;/opt/ohpc/pub/devtools/gcc/5.3.0/include/c++/5.3.0/x86_64-unknown-linux-gnu;/opt/ohpc/pub/devtools/gcc/5.3.0/include/c++/5.3.0/backward;/opt/ohpc/pub/devtools/gcc/5.3.0/lib/gcc/x86_64-unknown-linux-gnu/5.3.0/include;/opt/ohpc/pub/devtools/gcc/5.3.0/lib/gcc/x86_64-unknown-linux-gnu/5.3.0/include-fixed;/usr/local/include;/opt/ohpc/pub/devtools/gcc/5.3.0/include;/usr/include]


Parsed CXX implicit link information from above output:
  link line regex: [^( *|.*[/\])(ld|CMAKE_LINK_STARTFILE-NOTFOUND|([^/\]+-)?ld|collect2)[^/\]*( |$)]
  ignore line: [Change Dir: /home/fasanchezc/modelos/dambreak_cu/build/CMakeFiles/CMakeTmp]
  ignore line: []
  ignore line: [Run Build Command(s):/usr/bin/gmake cmTC_3432f/fast && /usr/bin/gmake -f CMakeFiles/cmTC_3432f.dir/build.make CMakeFiles/cmTC_3432f.dir/build]
  ignore line: [gmake[1]: Entering directory `/home/fasanchezc/modelos/dambreak_cu/build/CMakeFiles/CMakeTmp']
  ignore line: [Building CXX object CMakeFiles/cmTC_3432f.dir/CMakeCXXCompilerABI.cpp.o]
  ignore line: [/opt/ohpc/pub/devtools/gcc/5.3.0/bin/c++    -v -o CMakeFiles/cmTC_3432f.dir/CMakeCXXCompilerABI.cpp.o -c /opt/ohpc/pub/utils/cmake/3.15.4/share/cmake-3.15/Modules/CMakeCXXCompilerABI.cpp]
  ignore line: [Using built-in specs.]
  ignore line: [COLLECT_GCC=/opt/ohpc/pub/devtools/gcc/5.3.0/bin/c++]
  ignore line: [Target: x86_64-unknown-linux-gnu]
  ignore line: [Configured with: ../configure --prefix=/opt/ohpc/pub/compiler/gcc/5.3.0 --enable-languages=c,c++,fortran,go --enable-shared --disable-multilib --with-system-zlib : (reconfigured) ../configure --prefix=/opt/ohpc/pub/compiler/gcc/5.3.0 --enable-languages=c,c++,fortran,go --enable-shared --disable-multilib --with-system-zlib]
  ignore line: [Thread model: posix]
  ignore line: [gcc version 5.3.0 (GCC) ]
  ignore line: [COLLECT_GCC_OPTIONS='-v' '-o' 'CMakeFiles/cmTC_3432f.dir/CMakeCXXCompilerABI.cpp.o' '-c' '-shared-libgcc' '-mtune=generic' '-march=x86-64']
  ignore line: [ /opt/ohpc/pub/devtools/gcc/5.3.0/bin/../libexec/gcc/x86_64-unknown-linux-gnu/5.3.0/cc1plus -quiet -v -iprefix /opt/ohpc/pub/devtools/gcc/5.3.0/bin/../lib/gcc/x86_64-unknown-linux-gnu/5.3.0/ -D_GNU_SOURCE /opt/ohpc/pub/utils/cmake/3.15.4/share/cmake-3.15/Modules/CMakeCXXCompilerABI.cpp -quiet -dumpbase CMakeCXXCompilerABI.cpp -mtune=generic -march=x86-64 -auxbase-strip CMakeFiles/cmTC_3432f.dir/CMakeCXXCompilerABI.cpp.o -version -o /tmp/cczNitmz.s]
  ignore line: [GNU C++ (GCC) version 5.3.0 (x86_64-unknown-linux-gnu)]
  ignore line: [	compiled by GNU C version 5.3.0, GMP version 4.3.2, MPFR version 2.4.2, MPC version 0.8.1]
  ignore line: [GGC heuristics: --param ggc-min-expand=100 --param ggc-min-heapsize=131072]
  ignore line: [ignoring nonexistent directory "/opt/ohpc/pub/devtools/gcc/5.3.0/bin/../lib/gcc/x86_64-unknown-linux-gnu/5.3.0/../../../../x86_64-unknown-linux-gnu/include"]
  ignore line: [ignoring duplicate directory "/opt/ohpc/pub/devtools/gcc/5.3.0/bin/../lib/gcc/../../lib/gcc/x86_64-unknown-linux-gnu/5.3.0/../../../../include/c++/5.3.0"]
  ignore line: [ignoring duplicate directory "/opt/ohpc/pub/devtools/gcc/5.3.0/bin/../lib/gcc/../../lib/gcc/x86_64-unknown-linux-gnu/5.3.0/../../../../include/c++/5.3.0/x86_64-unknown-linux-gnu"]
  ignore line: [ignoring duplicate directory "/opt/ohpc/pub/devtools/gcc/5.3.0/bin/../lib/gcc/../../lib/gcc/x86_64-unknown-linux-gnu/5.3.0/../../../../include/c++/5.3.0/backward"]
  ignore line: [ignoring duplicate directory "/opt/ohpc/pub/devtools/gcc/5.3.0/bin/../lib/gcc/../../lib/gcc/x86_64-unknown-linux-gnu/5.3.0/include"]
  ignore line: [ignoring duplicate directory "/opt/ohpc/pub/devtools/gcc/5.3.0/bin/../lib/gcc/../../lib/gcc/x86_64-unknown-linux-gnu/5.3.0/include-fixed"]
  ignore line: [ignoring nonexistent directory "/opt/ohpc/pub/devtools/gcc/5.3.0/bin/../lib/gcc/../../lib/gcc/x86_64-unknown-linux-gnu/5.3.0/../../../../x86_64-unknown-linux-gnu/include"]
  ignore line: [#include "..." search starts here:]
  ignore line: [#include <...> search starts here:]
  ignore line: [ /opt/ohpc/pub/devtools/gcc/5.3.0/bin/../lib/gcc/x86_64-unknown-linux-gnu/5.3.0/../../../../include/c++/5.3.0]
  ignore line: [ /opt/ohpc/pub/devtools/gcc/5.3.0/bin/../lib/gcc/x86_64-unknown-linux-gnu/5.3.0/../../../../include/c++/5.3.0/x86_64-unknown-linux-gnu]
  ignore line: [ /opt/ohpc/pub/devtools/gcc/5.3.0/bin/../lib/gcc/x86_64-unknown-linux-gnu/5.3.0/../../../../include/c++/5.3.0/backward]
  ignore line: [ /opt/ohpc/pub/devtools/gcc/5.3.0/bin/../lib/gcc/x86_64-unknown-linux-gnu/5.3.0/include]
  ignore line: [ /opt/ohpc/pub/devtools/gcc/5.3.0/bin/../lib/gcc/x86_64-unknown-linux-gnu/5.3.0/include-fixed]
  ignore line: [ /usr/local/include]
  ignore line: [ /opt/ohpc/pub/devtools/gcc/5.3.0/bin/../lib/gcc/../../include]
  ignore line: [ /usr/include]
  ignore line: [End of search list.]
  ignore line: [GNU C++ (GCC) version 5.3.0 (x86_64-unknown-linux-gnu)]
  ignore line: [	compiled by GNU C version 5.3.0, GMP version 4.3.2, MPFR version 2.4.2, MPC version 0.8.1]
  ignore line: [GGC heuristics: --param ggc-min-expand=100 --param ggc-min-heapsize=131072]
  ignore line: [Compiler executable checksum: f88074079a30decc8a29c12bba2eb7c0]
  ignore line: [COLLECT_GCC_OPTIONS='-v' '-o' 'CMakeFiles/cmTC_3432f.dir/CMakeCXXCompilerABI.cpp.o' '-c' '-shared-libgcc' '-mtune=generic' '-march=x86-64']
  ignore line: [ as -v --64 -o CMakeFiles/cmTC_3432f.dir/CMakeCXXCompilerABI.cpp.o /tmp/cczNitmz.s]
  ignore line: [GNU assembler version 2.27 (x86_64-redhat-linux) using BFD version version 2.27-44.base.el7_9.1]
  ignore line: [COMPILER_PATH=/opt/ohpc/pub/devtools/gcc/5.3.0/bin/../libexec/gcc/x86_64-unknown-linux-gnu/5.3.0/:/opt/ohpc/pub/devtools/gcc/5.3.0/bin/../libexec/gcc/]
  ignore line: [LIBRARY_PATH=/opt/ohpc/pub/devtools/gcc/5.3.0/bin/../lib/gcc/x86_64-unknown-linux-gnu/5.3.0/:/opt/ohpc/pub/devtools/gcc/5.3.0/bin/../lib/gcc/:/opt/ohpc/pub/devtools/gcc/5.3.0/bin/../lib/gcc/x86_64-unknown-linux-gnu/5.3.0/../../../../lib64/:/lib/../lib64/:/usr/lib/../lib64/:/opt/ohpc/pub/devtools/gcc/5.3.0/bin/../lib/gcc/x86_64-unknown-linux-gnu/5.3.0/../../../:/lib/:/usr/lib/]
  ignore line: [COLLECT_GCC_OPTIONS='-v' '-o' 'CMakeFiles/cmTC_3432f.dir/CMakeCXXCompilerABI.cpp.o' '-c' '-shared-libgcc' '-mtune=generic' '-march=x86-64']
  ignore line: [Linking CXX executable cmTC_3432f]
  ignore line: [/opt/ohpc/pub/utils/cmake/3.15.4/bin/cmake -E cmake_link_script CMakeFiles/cmTC_3432f.dir/link.txt --verbose=1]
  ignore line: [/opt/ohpc/pub/devtools/gcc/5.3.0/bin/c++      -v CMakeFiles/cmTC_3432f.dir/CMakeCXXCompilerABI.cpp.o  -o cmTC_3432f ]
  ignore line: [Using built-in specs.]
  ignore line: [COLLECT_GCC=/opt/ohpc/pub/devtools/gcc/5.3.0/bin/c++]
  ignore line: [COLLECT_LTO_WRAPPER=/opt/ohpc/pub/devtools/gcc/5.3.0/bin/../libexec/gcc/x86_64-unknown-linux-gnu/5.3.0/lto-wrapper]
  ignore line: [Target: x86_64-unknown-linux-gnu]
  ignore line: [Configured with: ../configure --prefix=/opt/ohpc/pub/compiler/gcc/5.3.0 --enable-languages=c,c++,fortran,go --enable-shared --disable-multilib --with-system-zlib : (reconfigured) ../configure --prefix=/opt/ohpc/pub/compiler/gcc/5.3.0 --enable-languages=c,c++,fortran,go --enable-shared --disable-multilib --with-system-zlib]
  ignore line: [Thread model: posix]
  ignore line: [gcc version 5.3.0 (GCC) ]
  ignore line: [COMPILER_PATH=/opt/ohpc/pub/devtools/gcc/5.3.0/bin/../libexec/gcc/x86_64-unknown-linux-gnu/5.3.0/:/opt/ohpc/pub/devtools/gcc/5.3.0/bin/../libexec/gcc/]
  ignore line: [LIBRARY_PATH=/opt/ohpc/pub/devtools/gcc/5.3.0/bin/../lib/gcc/x86_64-unknown-linux-gnu/5.3.0/:/opt/ohpc/pub/devtools/gcc/5.3.0/bin/../lib/gcc/:/opt/ohpc/pub/devtools/gcc/5.3.0/bin/../lib/gcc/x86_64-unknown-linux-gnu/5.3.0/../../../../lib64/:/lib/../lib64/:/usr/lib/../lib64/:/opt/ohpc/pub/devtools/gcc/5.3.0/bin/../lib/gcc/x86_64-unknown-linux-gnu/5.3.0/../../../:/lib/:/usr/lib/]
  ignore line: [COLLECT_GCC_OPTIONS='-v' '-o' 'cmTC_3432f' '-shared-libgcc' '-mtune=generic' '-march=x86-64']
  link line: [ /opt/ohpc/pub/devtools/gcc/5.3.0/bin/../libexec/gcc/x86_64-unknown-linux-gnu/5.3.0/collect2 -plugin /opt/ohpc/pub/devtools/gcc/5.3.0/bin/../libexec/gcc/x86_64-unknown-linux-gnu/5.3.0/liblto_plugin.so -plugin-opt=/opt/ohpc/pub/devtools/gcc/5.3.0/bin/../libexec/gcc/x86_64-unknown-linux-gnu/5.3.0/lto-wrapper -plugin-opt=-fresolution=/tmp/ccwNzlRE.res -plugin-opt=-pass-through=-lgcc_s -plugin-opt=-pass-through=-lgcc -plugin-opt=-pass-through=-lc -plugin-opt=-pass-through=-lgcc_s -plugin-opt=-pass-through=-lgcc --eh-frame-hdr -m elf_x86_64 -dynamic-linker /lib64/ld-linux-x86-64.so.2 -o cmTC_3432f /lib/../lib64/crt1.o /lib/../lib64/crti.o /opt/ohpc/pub/devtools/gcc/5.3.0/bin/../lib/gcc/x86_64-unknown-linux-gnu/5.3.0/crtbegin.o -L/opt/ohpc/pub/devtools/gcc/5.3.0/bin/../lib/gcc/x86_64-unknown-linux-gnu/5.3.0 -L/opt/ohpc/pub/devtools/gcc/5.3.0/bin/../lib/gcc -L/opt/ohpc/pub/devtools/gcc/5.3.0/bin/../lib/gcc/x86_64-unknown-linux-gnu/5.3.0/../../../../lib64 -L/lib/../lib64 -L/usr/lib/../lib64 -L/opt/ohpc/pub/devtools/gcc/5.3.0/bin/../lib/gcc/x86_64-unknown-linux-gnu/5.3.0/../../.. CMakeFiles/cmTC_3432f.dir/CMakeCXXCompilerABI.cpp.o -lstdc++ -lm -lgcc_s -lgcc -lc -lgcc_s -lgcc /opt/ohpc/pub/devtools/gcc/5.3.0/bin/../lib/gcc/x86_64-unknown-linux-gnu/5.3.0/crtend.o /lib/../lib64/crtn.o]
    arg [/opt/ohpc/pub/devtools/gcc/5.3.0/bin/../libexec/gcc/x86_64-unknown-linux-gnu/5.3.0/collect2] ==> ignore
    arg [-plugin] ==> ignore
    arg [/opt/ohpc/pub/devtools/gcc/5.3.0/bin/../libexec/gcc/x86_64-unknown-linux-gnu/5.3.0/liblto_plugin.so] ==> ignore
    arg [-plugin-opt=/opt/ohpc/pub/devtools/gcc/5.3.0/bin/../libexec/gcc/x86_64-unknown-linux-gnu/5.3.0/lto-wrapper] ==> ignore
    arg [-plugin-opt=-fresolution=/tmp/ccwNzlRE.res] ==> ignore
    arg [-plugin-opt=-pass-through=-lgcc_s] ==> ignore
    arg [-plugin-opt=-pass-through=-lgcc] ==> ignore
    arg [-plugin-opt=-pass-through=-lc] ==> ignore
    arg [-plugin-opt=-pass-through=-lgcc_s] ==> ignore
    arg [-plugin-opt=-pass-through=-lgcc] ==> ignore
    arg [--eh-frame-hdr] ==> ignore
    arg [-m] ==> ignore
    arg [elf_x86_64] ==> ignore
    arg [-dynamic-linker] ==> ignore
    arg [/lib64/ld-linux-x86-64.so.2] ==> ignore
    arg [-o] ==> ignore
    arg [cmTC_3432f] ==> ignore
    arg [/lib/../lib64/crt1.o] ==> ignore
    arg [/lib/../lib64/crti.o] ==> ignore
    arg [/opt/ohpc/pub/devtools/gcc/5.3.0/bin/../lib/gcc/x86_64-unknown-linux-gnu/5.3.0/crtbegin.o] ==> ignore
    arg [-L/opt/ohpc/pub/devtools/gcc/5.3.0/bin/../lib/gcc/x86_64-unknown-linux-gnu/5.3.0] ==> dir [/opt/ohpc/pub/devtools/gcc/5.3.0/bin/../lib/gcc/x86_64-unknown-linux-gnu/5.3.0]
    arg [-L/opt/ohpc/pub/devtools/gcc/5.3.0/bin/../lib/gcc] ==> dir [/opt/ohpc/pub/devtools/gcc/5.3.0/bin/../lib/gcc]
    arg [-L/opt/ohpc/pub/devtools/gcc/5.3.0/bin/../lib/gcc/x86_64-unknown-linux-gnu/5.3.0/../../../../lib64] ==> dir [/opt/ohpc/pub/devtools/gcc/5.3.0/bin/../lib/gcc/x86_64-unknown-linux-gnu/5.3.0/../../../../lib64]
    arg [-L/lib/../lib64] ==> dir [/lib/../lib64]
    arg [-L/usr/lib/../lib64] ==> dir [/usr/lib/../lib64]
    arg [-L/opt/ohpc/pub/devtools/gcc/5.3.0/bin/../lib/gcc/x86_64-unknown-linux-gnu/5.3.0/../../..] ==> dir [/opt/ohpc/pub/devtools/gcc/5.3.0/bin/../lib/gcc/x86_64-unknown-linux-gnu/5.3.0/../../..]
    arg [CMakeFiles/cmTC_3432f.dir/CMakeCXXCompilerABI.cpp.o] ==> ignore
    arg [-lstdc++] ==> lib [stdc++]
    arg [-lm] ==> lib [m]
    arg [-lgcc_s] ==> lib [gcc_s]
    arg [-lgcc] ==> lib [gcc]
    arg [-lc] ==> lib [c]
    arg [-lgcc_s] ==> lib [gcc_s]
    arg [-lgcc] ==> lib [gcc]
    arg [/opt/ohpc/pub/devtools/gcc/5.3.0/bin/../lib/gcc/x86_64-unknown-linux-gnu/5.3.0/crtend.o] ==> ignore
    arg [/lib/../lib64/crtn.o] ==> ignore
  collapse library dir [/opt/ohpc/pub/devtools/gcc/5.3.0/bin/../lib/gcc/x86_64-unknown-linux-gnu/5.3.0] ==> [/opt/ohpc/pub/devtools/gcc/5.3.0/lib/gcc/x86_64-unknown-linux-gnu/5.3.0]
  collapse library dir [/opt/ohpc/pub/devtools/gcc/5.3.0/bin/../lib/gcc] ==> [/opt/ohpc/pub/devtools/gcc/5.3.0/lib/gcc]
  collapse library dir [/opt/ohpc/pub/devtools/gcc/5.3.0/bin/../lib/gcc/x86_64-unknown-linux-gnu/5.3.0/../../../../lib64] ==> [/opt/ohpc/pub/devtools/gcc/5.3.0/lib64]
  collapse library dir [/lib/../lib64] ==> [/lib64]
  collapse library dir [/usr/lib/../lib64] ==> [/usr/lib64]
  collapse library dir [/opt/ohpc/pub/devtools/gcc/5.3.0/bin/../lib/gcc/x86_64-unknown-linux-gnu/5.3.0/../../..] ==> [/opt/ohpc/pub/devtools/gcc/5.3.0/lib]
  implicit libs: [stdc++;m;gcc_s;gcc;c;gcc_s;gcc]
  implicit dirs: [/opt/ohpc/pub/devtools/gcc/5.3.0/lib/gcc/x86_64-unknown-linux-gnu/5.3.0;/opt/ohpc/pub/devtools/gcc/5.3.0/lib/gcc;/opt/ohpc/pub/devtools/gcc/5.3.0/lib64;/lib64;/usr/lib64;/opt/ohpc/pub/devtools/gcc/5.3.0/lib]
  implicit fwks: []


Determining if the include file pthread.h exists passed with the following output:
Change Dir: /home/fasanchezc/modelos/dambreak_cu/build/CMakeFiles/CMakeTmp

Run Build Command(s):/usr/bin/gmake cmTC_b7236/fast && /usr/bin/gmake -f CMakeFiles/cmTC_b7236.dir/build.make CMakeFiles/cmTC_b7236.dir/build
gmake[1]: Entering directory `/home/fasanchezc/modelos/dambreak_cu/build/CMakeFiles/CMakeTmp'
Building CXX object CMakeFiles/cmTC_b7236.dir/CheckIncludeFile.cxx.o
/opt/ohpc/pub/devtools/gcc/5.3.0/bin/c++    -std=gnu++11 -o CMakeFiles/cmTC_b7236.dir/CheckIncludeFile.cxx.o -c /home/fasanchezc/modelos/dambreak_cu/build/CMakeFiles/CMakeTmp/CheckIncludeFile.cxx
Linking CXX executable cmTC_b7236
/opt/ohpc/pub/utils/cmake/3.15.4/bin/cmake -E cmake_link_script CMakeFiles/cmTC_b7236.dir/link.txt --verbose=1
/opt/ohpc/pub/devtools/gcc/5.3.0/bin/c++       CMakeFiles/cmTC_b7236.dir/CheckIncludeFile.cxx.o  -o cmTC_b7236 
gmake[1]: Leaving directory `/home/fasanchezc/modelos/dambreak_cu/build/CMakeFiles/CMakeTmp'



Determining if the function pthread_create exists in the pthread passed with the following output:
Change Dir: /home/fasanchezc/modelos/dambreak_cu/build/CMakeFiles/CMakeTmp

Run Build Command(s):/usr/bin/gmake cmTC_474fb/fast && /usr/bin/gmake -f CMakeFiles/cmTC_474fb.dir/build.make CMakeFiles/cmTC_474fb.dir/build
gmake[1]: Entering directory `/home/fasanchezc/modelos/dambreak_cu/build/CMakeFiles/CMakeTmp'
Building CXX object CMakeFiles/cmTC_474fb.dir/CheckFunctionExists.cxx.o
/opt/ohpc/pub/devtools/gcc/5.3.0/bin/c++    -DCHECK_FUNCTION_EXISTS=pthread_create   -std=gnu++11 -o CMakeFiles/cmTC_474fb.dir/CheckFunctionExists.cxx.o -c /home/fasanchezc/modelos/dambreak_cu/build/CMakeFiles/CheckLibraryExists/CheckFunctionExists.cxx
Linking CXX executable cmTC_474fb
/opt/ohpc/pub/utils/cmake/3.15.4/bin/cmake -E cmake_link_script CMakeFiles/cmTC_474fb.dir/link.txt --verbose=1
/opt/ohpc/pub/devtools/gcc/5.3.0/bin/c++   -DCHECK_FUNCTION_EXISTS=pthread_create    CMakeFiles/cmTC_474fb.dir/CheckFunctionExists.cxx.o  -o cmTC_474fb -lpthread 
gmake[1]: Leaving directory `/home/fasanchezc/modelos/dambreak_cu/build/CMakeFiles/CMakeTmp'



