The system is: Linux - 4.18.0-553.69.1.el8_10.x86_64 - x86_64
Compiling the CXX compiler identification source file "CMakeCXXCompilerId.cpp" succeeded.
Compiler: /opt/ohpc/pub/compiler/gcc/12.4.0/bin/c++ 
Build flags: 
Id flags:  

The output was:
0


Compilation of the CXX compiler identification source "CMakeCXXCompilerId.cpp" produced "a.out"

The CXX compiler identification is GNU, found in "/home/fasanchezc/poiseuille_mvp/build/CMakeFiles/3.24.2/CompilerIdCXX/a.out"

Compiling the HIP compiler identification source file "CMakeHIPCompilerId.hip" succeeded.
Compiler: /opt/rocm-6.4.3/lib/llvm/bin/clang++ 
Build flags: 
Id flags: -v 

The output was:
0
AMD clang version 19.0.0git (https://github.com/RadeonOpenCompute/llvm-project roc-6.4.3 25224 d366fa84f3fdcbd4b10847ebd5db572ae12a34fb)
Target: x86_64-unknown-linux-gnu
Thread model: posix
InstalledDir: /opt/rocm-6.4.3/lib/llvm/bin
Configuration file: /opt/rocm-6.4.3/lib/llvm/bin/clang++.cfg
Found candidate GCC installation: /opt/rh/gcc-toolset-11/root/usr/lib/gcc/x86_64-redhat-linux/11
Selected GCC installation: /opt/rh/gcc-toolset-11/root/usr/lib/gcc/x86_64-redhat-linux/11
Candidate multilib: .;@m64
Candidate multilib: 32;@m32
Selected multilib: .;@m64
Found HIP installation: /opt/rocm-6.4.3/lib/llvm/bin/../../.., version 6.4.43484
 "/opt/rocm-6.4.3/lib/llvm/bin/clang-19" -cc1 -triple amdgcn-amd-amdhsa -aux-triple x86_64-unknown-linux-gnu -Werror=atomic-alignment -emit-obj -dumpdir a- -disable-free -clear-ast-before-backend -disable-llvm-verifier -discard-value-names -main-file-name CMakeHIPCompilerId.hip -mrelocation-model pic -pic-level 2 -fhalf-no-semantic-interposition -mframe-pointer=all -fno-rounding-math -mconstructor-aliases -aux-target-cpu x86-64 -fcuda-is-device -mllvm -amdgpu-internalize-symbols -fcuda-allow-variadic-functions -fvisibility=hidden -fapply-global-visibility-to-externs -mlink-builtin-bitcode /opt/rocm-6.4.3/lib/llvm/lib/clang/19/lib/amdgcn/bitcode/hip.bc -mlink-builtin-bitcode /opt/rocm-6.4.3/lib/llvm/lib/clang/19/lib/amdgcn/bitcode/ocml.bc -mlink-builtin-bitcode /opt/rocm-6.4.3/lib/llvm/lib/clang/19/lib/amdgcn/bitcode/ockl.bc -mlink-builtin-bitcode /opt/rocm-6.4.3/lib/llvm/lib/clang/19/lib/amdgcn/bitcode/oclc_daz_opt_off.bc -mlink-builtin-bitcode /opt/rocm-6.4.3/lib/llvm/lib/clang/19/lib/amdgcn/bitcode/oclc_unsafe_math_off.bc -mlink-builtin-bitcode /opt/rocm-6.4.3/lib/llvm/lib/clang/19/lib/amdgcn/bitcode/oclc_finite_only_off.bc -mlink-builtin-bitcode /opt/rocm-6.4.3/lib/llvm/lib/clang/19/lib/amdgcn/bitcode/oclc_correctly_rounded_sqrt_on.bc -mlink-builtin-bitcode /opt/rocm-6.4.3/lib/llvm/lib/clang/19/lib/amdgcn/bitcode/oclc_wavefrontsize64_on.bc -mlink-builtin-bitcode /opt/rocm-6.4.3/lib/llvm/lib/clang/19/lib/amdgcn/bitcode/oclc_isa_version_906.bc -mlink-builtin-bitcode /opt/rocm-6.4.3/lib/llvm/lib/clang/19/lib/amdgcn/bitcode/oclc_abi_version_600.bc -target-cpu gfx906 -debugger-tuning=gdb -fdebug-compilation-dir=/home/fasanchezc/poiseuille_mvp/build/CMakeFiles/3.24.2/CompilerIdHIP -v -resource-dir /opt/rocm-6.4.3/lib/llvm/lib/clang/19 -internal-isystem /opt/rocm-6.4.3/lib/llvm/lib/clang/19/include/cuda_wrappers -idirafter /opt/rocm-6.4.3/lib/llvm/bin/../../../include -include __clang_hip_runtime_wrapper.h -c-isystem /opt/rocm-6.3.0/llvm/include -c-isystem . -cxx-isystem /opt/rocm-6.3.0/llvm/include -cxx-isystem . -internal-isystem /opt/rh/gcc-toolset-11/root/usr/lib/gcc/x86_64-redhat-linux/11/../../../../include/c++/11 -internal-isystem /opt/rh/gcc-toolset-11/root/usr/lib/gcc/x86_64-redhat-linux/11/../../../../include/c++/11/x86_64-redhat-linux -internal-isystem /opt/rh/gcc-toolset-11/root/usr/lib/gcc/x86_64-redhat-linux/11/../../../../include/c++/11/backward -internal-isystem /opt/rh/gcc-toolset-11/root/usr/lib/gcc/x86_64-redhat-linux/11/../../../../include/c++/11 -internal-isystem /opt/rh/gcc-toolset-11/root/usr/lib/gcc/x86_64-redhat-linux/11/../../../../include/c++/11/x86_64-redhat-linux -internal-isystem /opt/rh/gcc-toolset-11/root/usr/lib/gcc/x86_64-redhat-linux/11/../../../../include/c++/11/backward -internal-isystem /opt/rocm-6.4.3/lib/llvm/lib/clang/19/include -internal-isystem /usr/local/include -internal-isystem /opt/rh/gcc-toolset-11/root/usr/lib/gcc/x86_64-redhat-linux/11/../../../../x86_64-redhat-linux/include -internal-externc-isystem /include -internal-externc-isystem /usr/include -internal-isystem /opt/rocm-6.4.3/lib/llvm/lib/clang/19/include -internal-isystem /usr/local/include -internal-isystem /opt/rh/gcc-toolset-11/root/usr/lib/gcc/x86_64-redhat-linux/11/../../../../x86_64-redhat-linux/include -internal-externc-isystem /include -internal-externc-isystem /usr/include -fdeprecated-macro -fno-autolink -ferror-limit 19 -fhip-new-launch-api -fgnuc-version=4.2.1 -fskip-odr-check-in-gmf -fcxx-exceptions -fexceptions -cuid=53771410d9337c13 -fcuda-allow-variadic-functions -faddrsig -D__GCC_HAVE_DWARF2_CFI_ASM=1 -o /tmp/CMakeHIPCompilerId-gfx906-82f5ca.o -x hip CMakeHIPCompilerId.hip
clang -cc1 version 19.0.0git based upon LLVM 19.0.0git default target x86_64-unknown-linux-gnu
ignoring nonexistent directory "/opt/rocm-6.3.0/llvm/include"
ignoring nonexistent directory "/opt/rocm-6.3.0/llvm/include"
ignoring nonexistent directory "/opt/rh/gcc-toolset-11/root/usr/lib/gcc/x86_64-redhat-linux/11/../../../../x86_64-redhat-linux/include"
ignoring nonexistent directory "/include"
ignoring nonexistent directory "/opt/rh/gcc-toolset-11/root/usr/lib/gcc/x86_64-redhat-linux/11/../../../../x86_64-redhat-linux/include"
ignoring nonexistent directory "/include"
ignoring duplicate directory "/opt/rh/gcc-toolset-11/root/usr/lib/gcc/x86_64-redhat-linux/11/../../../../include/c++/11"
ignoring duplicate directory "/opt/rh/gcc-toolset-11/root/usr/lib/gcc/x86_64-redhat-linux/11/../../../../include/c++/11/x86_64-redhat-linux"
ignoring duplicate directory "/opt/rh/gcc-toolset-11/root/usr/lib/gcc/x86_64-redhat-linux/11/../../../../include/c++/11/backward"
ignoring duplicate directory "/opt/rocm-6.4.3/lib/llvm/lib/clang/19/include"
ignoring duplicate directory "/usr/local/include"
ignoring duplicate directory "/usr/include"
ignoring duplicate directory "/usr/local/include"
ignoring duplicate directory "/opt/rocm-6.4.3/lib/llvm/lib/clang/19/include"
ignoring duplicate directory "/usr/include"
#include "..." search starts here:
#include <...> search starts here:
 .
 /opt/rocm-6.4.3/lib/llvm/lib/clang/19/include/cuda_wrappers
 /opt/rh/gcc-toolset-11/root/usr/lib/gcc/x86_64-redhat-linux/11/../../../../include/c++/11
 /opt/rh/gcc-toolset-11/root/usr/lib/gcc/x86_64-redhat-linux/11/../../../../include/c++/11/x86_64-redhat-linux
 /opt/rh/gcc-toolset-11/root/usr/lib/gcc/x86_64-redhat-linux/11/../../../../include/c++/11/backward
 /opt/rocm-6.4.3/lib/llvm/lib/clang/19/include
 /usr/local/include
 /usr/include
 /opt/rocm-6.4.3/lib/llvm/bin/../../../include
End of search list.
 "/opt/rocm-6.4.3/lib/llvm/bin/lld" -flavor gnu -m elf64_amdgpu --no-undefined -shared -plugin-opt=-amdgpu-internalize-symbols -plugin-opt=mcpu=gfx906 --whole-archive -o /tmp/CMakeHIPCompilerId-gfx906-840a6d.out /tmp/CMakeHIPCompilerId-gfx906-82f5ca.o --no-whole-archive
 "/opt/rocm-6.4.3/lib/llvm/bin/clang-offload-bundler" -type=o -bundle-align=4096 -targets=host-x86_64-unknown-linux-gnu,hipv4-amdgcn-amd-amdhsa--gfx906 -input=/dev/null -input=/tmp/CMakeHIPCompilerId-gfx906-840a6d.out -output=/tmp/CMakeHIPCompilerId-d60ebd.hipfb -verbose
 "/opt/rocm-6.4.3/lib/llvm/bin/clang-19" -cc1 -triple x86_64-unknown-linux-gnu -aux-triple amdgcn-amd-amdhsa -emit-obj -dumpdir a- -disable-free -clear-ast-before-backend -disable-llvm-verifier -discard-value-names -main-file-name CMakeHIPCompilerId.hip -mrelocation-model static -mframe-pointer=all -fmath-errno -fno-rounding-math -mconstructor-aliases -funwind-tables=2 -target-cpu x86-64 -tune-cpu generic -debugger-tuning=gdb -fdebug-compilation-dir=/home/fasanchezc/poiseuille_mvp/build/CMakeFiles/3.24.2/CompilerIdHIP -v -fcoverage-compilation-dir=/home/fasanchezc/poiseuille_mvp/build/CMakeFiles/3.24.2/CompilerIdHIP -resource-dir /opt/rocm-6.4.3/lib/llvm/lib/clang/19 -internal-isystem /opt/rocm-6.4.3/lib/llvm/lib/clang/19/include/cuda_wrappers -idirafter /opt/rocm-6.4.3/lib/llvm/bin/../../../include -include __clang_hip_runtime_wrapper.h -c-isystem /opt/rocm-6.3.0/llvm/include -c-isystem . -cxx-isystem /opt/rocm-6.3.0/llvm/include -cxx-isystem . -internal-isystem /opt/rh/gcc-toolset-11/root/usr/lib/gcc/x86_64-redhat-linux/11/../../../../include/c++/11 -internal-isystem /opt/rh/gcc-toolset-11/root/usr/lib/gcc/x86_64-redhat-linux/11/../../../../include/c++/11/x86_64-redhat-linux -internal-isystem /opt/rh/gcc-toolset-11/root/usr/lib/gcc/x86_64-redhat-linux/11/../../../../include/c++/11/backward -internal-isystem /opt/rh/gcc-toolset-11/root/usr/lib/gcc/x86_64-redhat-linux/11/../../../../include/c++/11 -internal-isystem /opt/rh/gcc-toolset-11/root/usr/lib/gcc/x86_64-redhat-linux/11/../../../../include/c++/11/x86_64-redhat-linux -internal-isystem /opt/rh/gcc-toolset-11/root/usr/lib/gcc/x86_64-redhat-linux/11/../../../../include/c++/11/backward -internal-isystem /opt/rocm-6.4.3/lib/llvm/lib/clang/19/include -internal-isystem /usr/local/include -internal-isystem /opt/rh/gcc-toolset-11/root/usr/lib/gcc/x86_64-redhat-linux/11/../../../../x86_64-redhat-linux/include -internal-externc-isystem /include -internal-externc-isystem /usr/include -internal-isystem /opt/rocm-6.4.3/lib/llvm/lib/clang/19/include -internal-isystem /usr/local/include -internal-isystem /opt/rh/gcc-toolset-11/root/usr/lib/gcc/x86_64-redhat-linux/11/../../../../x86_64-redhat-linux/include -internal-externc-isystem /include -internal-externc-isystem /usr/include -fdeprecated-macro -ferror-limit 19 -fhip-new-launch-api -fgnuc-version=4.2.1 -fskip-odr-check-in-gmf -fcxx-exceptions -fexceptions -fcuda-include-gpubinary /tmp/CMakeHIPCompilerId-d60ebd.hipfb -cuid=53771410d9337c13 -fcuda-allow-variadic-functions -faddrsig -D__GCC_HAVE_DWARF2_CFI_ASM=1 -o /tmp/CMakeHIPCompilerId-ce03e6.o -x hip CMakeHIPCompilerId.hip
clang -cc1 version 19.0.0git based upon LLVM 19.0.0git default target x86_64-unknown-linux-gnu
ignoring nonexistent directory "/opt/rocm-6.3.0/llvm/include"
ignoring nonexistent directory "/opt/rocm-6.3.0/llvm/include"
ignoring nonexistent directory "/opt/rh/gcc-toolset-11/root/usr/lib/gcc/x86_64-redhat-linux/11/../../../../x86_64-redhat-linux/include"
ignoring nonexistent directory "/include"
ignoring nonexistent directory "/opt/rh/gcc-toolset-11/root/usr/lib/gcc/x86_64-redhat-linux/11/../../../../x86_64-redhat-linux/include"
ignoring nonexistent directory "/include"
ignoring duplicate directory "/opt/rh/gcc-toolset-11/root/usr/lib/gcc/x86_64-redhat-linux/11/../../../../include/c++/11"
ignoring duplicate directory "/opt/rh/gcc-toolset-11/root/usr/lib/gcc/x86_64-redhat-linux/11/../../../../include/c++/11/x86_64-redhat-linux"
ignoring duplicate directory "/opt/rh/gcc-toolset-11/root/usr/lib/gcc/x86_64-redhat-linux/11/../../../../include/c++/11/backward"
ignoring duplicate directory "/opt/rocm-6.4.3/lib/llvm/lib/clang/19/include"
ignoring duplicate directory "/usr/local/include"
ignoring duplicate directory "/usr/include"
#include "..." search starts here:
#include <...> search starts here:
 .
 /opt/rocm-6.4.3/lib/llvm/lib/clang/19/include/cuda_wrappers
 /opt/rh/gcc-toolset-11/root/usr/lib/gcc/x86_64-redhat-linux/11/../../../../include/c++/11
 /opt/rh/gcc-toolset-11/root/usr/lib/gcc/x86_64-redhat-linux/11/../../../../include/c++/11/x86_64-redhat-linux
 /opt/rh/gcc-toolset-11/root/usr/lib/gcc/x86_64-redhat-linux/11/../../../../include/c++/11/backward
 /opt/rocm-6.4.3/lib/llvm/lib/clang/19/include
 /usr/local/include
 /usr/include
 /opt/rocm-6.4.3/lib/llvm/bin/../../../include
End of search list.
 "/opt/rocm-6.4.3/lib/llvm/bin/ld.lld" --hash-style=gnu --eh-frame-hdr -m elf_x86_64 -dynamic-linker /lib64/ld-linux-x86-64.so.2 -o a.out /lib/../lib64/crt1.o /lib/../lib64/crti.o /opt/rocm-6.4.3/lib/llvm/lib/clang/19/lib/linux/clang_rt.crtbegin-x86_64.o -L/opt/rh/gcc-toolset-11/root/usr/lib/gcc/x86_64-redhat-linux/11 -L/opt/rh/gcc-toolset-11/root/usr/lib/gcc/x86_64-redhat-linux/11/../../../../lib64 -L/lib/../lib64 -L/usr/lib/../lib64 -L/lib -L/usr/lib -L/opt/rocm-6.3.0/llvm/lib -L. --enable-new-dtags /tmp/CMakeHIPCompilerId-ce03e6.o -L/opt/rocm-6.4.3/lib/llvm/bin/../../../lib -rpath /opt/rocm-6.4.3/lib/llvm/bin/../../../lib -lamdhip64 -lstdc++ -lm /opt/rocm-6.4.3/lib/llvm/lib/clang/19/lib/linux/libclang_rt.builtins-x86_64.a -lgcc_s -lc /opt/rocm-6.4.3/lib/llvm/lib/clang/19/lib/linux/libclang_rt.builtins-x86_64.a -lgcc_s /opt/rocm-6.4.3/lib/llvm/lib/clang/19/lib/linux/clang_rt.crtend-x86_64.o /lib/../lib64/crtn.o


Compilation of the HIP compiler identification source "CMakeHIPCompilerId.hip" produced "a.out"

The HIP compiler identification is Clang, found in "/home/fasanchezc/poiseuille_mvp/build/CMakeFiles/3.24.2/CompilerIdHIP/a.out"

Detecting CXX compiler ABI info compiled with the following output:
Change Dir: /home/fasanchezc/poiseuille_mvp/build/CMakeFiles/CMakeTmp

Run Build Command(s):/usr/bin/gmake -f Makefile cmTC_ba10d/fast && /usr/bin/gmake  -f CMakeFiles/cmTC_ba10d.dir/build.make CMakeFiles/cmTC_ba10d.dir/build
gmake[1]: Entering directory '/home/fasanchezc/poiseuille_mvp/build/CMakeFiles/CMakeTmp'
Building CXX object CMakeFiles/cmTC_ba10d.dir/CMakeCXXCompilerABI.cpp.o
/opt/ohpc/pub/compiler/gcc/12.4.0/bin/c++   -v -o CMakeFiles/cmTC_ba10d.dir/CMakeCXXCompilerABI.cpp.o -c /opt/ohpc/pub/utils/cmake/3.24.2/share/cmake-3.24/Modules/CMakeCXXCompilerABI.cpp
Using built-in specs.
COLLECT_GCC=/opt/ohpc/pub/compiler/gcc/12.4.0/bin/c++
Target: x86_64-pc-linux-gnu
Configured with: ../configure --disable-multilib --enable-languages=c,c++,fortran --prefix=/opt/ohpc/pub/compiler/gcc/12.4.0 --disable-static --enable-shared
Thread model: posix
Supported LTO compression algorithms: zlib
gcc version 12.4.0 (GCC) 
COLLECT_GCC_OPTIONS='-v' '-o' 'CMakeFiles/cmTC_ba10d.dir/CMakeCXXCompilerABI.cpp.o' '-c' '-shared-libgcc' '-mtune=generic' '-march=x86-64' '-dumpdir' 'CMakeFiles/cmTC_ba10d.dir/'
 /opt/ohpc/pub/compiler/gcc/12.4.0/libexec/gcc/x86_64-pc-linux-gnu/12.4.0/cc1plus -quiet -v -D_GNU_SOURCE /opt/ohpc/pub/utils/cmake/3.24.2/share/cmake-3.24/Modules/CMakeCXXCompilerABI.cpp -quiet -dumpdir CMakeFiles/cmTC_ba10d.dir/ -dumpbase CMakeCXXCompilerABI.cpp.cpp -dumpbase-ext .cpp -mtune=generic -march=x86-64 -version -o /tmp/ccr6PID7.s
GNU C++17 (GCC) version 12.4.0 (x86_64-pc-linux-gnu)
	compiled by GNU C version 12.4.0, GMP version 6.3.0, MPFR version 4.2.1, MPC version 1.3.1, isl version none
GGC heuristics: --param ggc-min-expand=100 --param ggc-min-heapsize=131072
ignoring nonexistent directory "/opt/rocm-6.3.0/llvm/include"
ignoring nonexistent directory "/opt/ohpc/pub/compiler/gcc/12.4.0/lib/gcc/x86_64-pc-linux-gnu/12.4.0/../../../../x86_64-pc-linux-gnu/include"
#include "..." search starts here:
#include <...> search starts here:
 .
 /opt/ohpc/pub/compiler/gcc/12.4.0/lib/gcc/x86_64-pc-linux-gnu/12.4.0/../../../../include/c++/12.4.0
 /opt/ohpc/pub/compiler/gcc/12.4.0/lib/gcc/x86_64-pc-linux-gnu/12.4.0/../../../../include/c++/12.4.0/x86_64-pc-linux-gnu
 /opt/ohpc/pub/compiler/gcc/12.4.0/lib/gcc/x86_64-pc-linux-gnu/12.4.0/../../../../include/c++/12.4.0/backward
 /opt/ohpc/pub/compiler/gcc/12.4.0/lib/gcc/x86_64-pc-linux-gnu/12.4.0/include
 /usr/local/include
 /opt/ohpc/pub/compiler/gcc/12.4.0/include
 /opt/ohpc/pub/compiler/gcc/12.4.0/lib/gcc/x86_64-pc-linux-gnu/12.4.0/include-fixed
 /usr/include
End of search list.
GNU C++17 (GCC) version 12.4.0 (x86_64-pc-linux-gnu)
	compiled by GNU C version 12.4.0, GMP version 6.3.0, MPFR version 4.2.1, MPC version 1.3.1, isl version none
GGC heuristics: --param ggc-min-expand=100 --param ggc-min-heapsize=131072
Compiler executable checksum: 92a8a55e2d1b0ac6f3ea2b63ffda79c2
COLLECT_GCC_OPTIONS='-v' '-o' 'CMakeFiles/cmTC_ba10d.dir/CMakeCXXCompilerABI.cpp.o' '-c' '-shared-libgcc' '-mtune=generic' '-march=x86-64' '-dumpdir' 'CMakeFiles/cmTC_ba10d.dir/'
 as -v --64 -o CMakeFiles/cmTC_ba10d.dir/CMakeCXXCompilerABI.cpp.o /tmp/ccr6PID7.s
GNU assembler version 2.30 (x86_64-redhat-linux) using BFD version version 2.30-125.el8_10
COMPILER_PATH=/opt/ohpc/pub/compiler/gcc/12.4.0/libexec/gcc/x86_64-pc-linux-gnu/12.4.0/:/opt/ohpc/pub/compiler/gcc/12.4.0/libexec/gcc/x86_64-pc-linux-gnu/12.4.0/:/opt/ohpc/pub/compiler/gcc/12.4.0/libexec/gcc/x86_64-pc-linux-gnu/:/opt/ohpc/pub/compiler/gcc/12.4.0/lib/gcc/x86_64-pc-linux-gnu/12.4.0/:/opt/ohpc/pub/compiler/gcc/12.4.0/lib/gcc/x86_64-pc-linux-gnu/
LIBRARY_PATH=/opt/ohpc/pub/compiler/gcc/12.4.0/lib/gcc/x86_64-pc-linux-gnu/12.4.0/:/opt/ohpc/pub/compiler/gcc/12.4.0/lib/gcc/x86_64-pc-linux-gnu/12.4.0/../../../../lib64/:/lib/../lib64/:/usr/lib/../lib64/:./:/opt/ohpc/pub/compiler/gcc/12.4.0/lib/gcc/x86_64-pc-linux-gnu/12.4.0/../../../:/lib/:/usr/lib/
COLLECT_GCC_OPTIONS='-v' '-o' 'CMakeFiles/cmTC_ba10d.dir/CMakeCXXCompilerABI.cpp.o' '-c' '-shared-libgcc' '-mtune=generic' '-march=x86-64' '-dumpdir' 'CMakeFiles/cmTC_ba10d.dir/CMakeCXXCompilerABI.cpp.'
Linking CXX executable cmTC_ba10d
/opt/ohpc/pub/utils/cmake/3.24.2/bin/cmake -E cmake_link_script CMakeFiles/cmTC_ba10d.dir/link.txt --verbose=1
/opt/ohpc/pub/compiler/gcc/12.4.0/bin/c++  -v CMakeFiles/cmTC_ba10d.dir/CMakeCXXCompilerABI.cpp.o -o cmTC_ba10d 
Using built-in specs.
COLLECT_GCC=/opt/ohpc/pub/compiler/gcc/12.4.0/bin/c++
COLLECT_LTO_WRAPPER=/opt/ohpc/pub/compiler/gcc/12.4.0/libexec/gcc/x86_64-pc-linux-gnu/12.4.0/lto-wrapper
Target: x86_64-pc-linux-gnu
Configured with: ../configure --disable-multilib --enable-languages=c,c++,fortran --prefix=/opt/ohpc/pub/compiler/gcc/12.4.0 --disable-static --enable-shared
Thread model: posix
Supported LTO compression algorithms: zlib
gcc version 12.4.0 (GCC) 
COMPILER_PATH=/opt/ohpc/pub/compiler/gcc/12.4.0/libexec/gcc/x86_64-pc-linux-gnu/12.4.0/:/opt/ohpc/pub/compiler/gcc/12.4.0/libexec/gcc/x86_64-pc-linux-gnu/12.4.0/:/opt/ohpc/pub/compiler/gcc/12.4.0/libexec/gcc/x86_64-pc-linux-gnu/:/opt/ohpc/pub/compiler/gcc/12.4.0/lib/gcc/x86_64-pc-linux-gnu/12.4.0/:/opt/ohpc/pub/compiler/gcc/12.4.0/lib/gcc/x86_64-pc-linux-gnu/
LIBRARY_PATH=/opt/ohpc/pub/compiler/gcc/12.4.0/lib/gcc/x86_64-pc-linux-gnu/12.4.0/:/opt/ohpc/pub/compiler/gcc/12.4.0/lib/gcc/x86_64-pc-linux-gnu/12.4.0/../../../../lib64/:/lib/../lib64/:/usr/lib/../lib64/:./:/opt/ohpc/pub/compiler/gcc/12.4.0/lib/gcc/x86_64-pc-linux-gnu/12.4.0/../../../:/lib/:/usr/lib/
COLLECT_GCC_OPTIONS='-v' '-o' 'cmTC_ba10d' '-shared-libgcc' '-mtune=generic' '-march=x86-64' '-dumpdir' 'cmTC_ba10d.'
 /opt/ohpc/pub/compiler/gcc/12.4.0/libexec/gcc/x86_64-pc-linux-gnu/12.4.0/collect2 -plugin /opt/ohpc/pub/compiler/gcc/12.4.0/libexec/gcc/x86_64-pc-linux-gnu/12.4.0/liblto_plugin.so -plugin-opt=/opt/ohpc/pub/compiler/gcc/12.4.0/libexec/gcc/x86_64-pc-linux-gnu/12.4.0/lto-wrapper -plugin-opt=-fresolution=/tmp/ccGdLxN7.res -plugin-opt=-pass-through=-lgcc_s -plugin-opt=-pass-through=-lgcc -plugin-opt=-pass-through=-lc -plugin-opt=-pass-through=-lgcc_s -plugin-opt=-pass-through=-lgcc --eh-frame-hdr -m elf_x86_64 -dynamic-linker /lib64/ld-linux-x86-64.so.2 -o cmTC_ba10d /lib/../lib64/crt1.o /lib/../lib64/crti.o /opt/ohpc/pub/compiler/gcc/12.4.0/lib/gcc/x86_64-pc-linux-gnu/12.4.0/crtbegin.o -L/opt/ohpc/pub/compiler/gcc/12.4.0/lib/gcc/x86_64-pc-linux-gnu/12.4.0 -L/opt/ohpc/pub/compiler/gcc/12.4.0/lib/gcc/x86_64-pc-linux-gnu/12.4.0/../../../../lib64 -L/lib/../lib64 -L/usr/lib/../lib64 -L. -L/opt/ohpc/pub/compiler/gcc/12.4.0/lib/gcc/x86_64-pc-linux-gnu/12.4.0/../../.. CMakeFiles/cmTC_ba10d.dir/CMakeCXXCompilerABI.cpp.o -lstdc++ -lm -lgcc_s -lgcc -lc -lgcc_s -lgcc /opt/ohpc/pub/compiler/gcc/12.4.0/lib/gcc/x86_64-pc-linux-gnu/12.4.0/crtend.o /lib/../lib64/crtn.o
COLLECT_GCC_OPTIONS='-v' '-o' 'cmTC_ba10d' '-shared-libgcc' '-mtune=generic' '-march=x86-64' '-dumpdir' 'cmTC_ba10d.'
gmake[1]: Leaving directory '/home/fasanchezc/poiseuille_mvp/build/CMakeFiles/CMakeTmp'



Parsed CXX implicit include dir info from above output: rv=done
  found start of include info
  found start of implicit include info
    add: [.]
    add: [/opt/ohpc/pub/compiler/gcc/12.4.0/lib/gcc/x86_64-pc-linux-gnu/12.4.0/../../../../include/c++/12.4.0]
    add: [/opt/ohpc/pub/compiler/gcc/12.4.0/lib/gcc/x86_64-pc-linux-gnu/12.4.0/../../../../include/c++/12.4.0/x86_64-pc-linux-gnu]
    add: [/opt/ohpc/pub/compiler/gcc/12.4.0/lib/gcc/x86_64-pc-linux-gnu/12.4.0/../../../../include/c++/12.4.0/backward]
    add: [/opt/ohpc/pub/compiler/gcc/12.4.0/lib/gcc/x86_64-pc-linux-gnu/12.4.0/include]
    add: [/usr/local/include]
    add: [/opt/ohpc/pub/compiler/gcc/12.4.0/include]
    add: [/opt/ohpc/pub/compiler/gcc/12.4.0/lib/gcc/x86_64-pc-linux-gnu/12.4.0/include-fixed]
    add: [/usr/include]
  end of search list found
  skipping relative include dir [.]
  collapse include dir [/opt/ohpc/pub/compiler/gcc/12.4.0/lib/gcc/x86_64-pc-linux-gnu/12.4.0/../../../../include/c++/12.4.0] ==> [/opt/ohpc/pub/compiler/gcc/12.4.0/include/c++/12.4.0]
  collapse include dir [/opt/ohpc/pub/compiler/gcc/12.4.0/lib/gcc/x86_64-pc-linux-gnu/12.4.0/../../../../include/c++/12.4.0/x86_64-pc-linux-gnu] ==> [/opt/ohpc/pub/compiler/gcc/12.4.0/include/c++/12.4.0/x86_64-pc-linux-gnu]
  collapse include dir [/opt/ohpc/pub/compiler/gcc/12.4.0/lib/gcc/x86_64-pc-linux-gnu/12.4.0/../../../../include/c++/12.4.0/backward] ==> [/opt/ohpc/pub/compiler/gcc/12.4.0/include/c++/12.4.0/backward]
  collapse include dir [/opt/ohpc/pub/compiler/gcc/12.4.0/lib/gcc/x86_64-pc-linux-gnu/12.4.0/include] ==> [/opt/ohpc/pub/compiler/gcc/12.4.0/lib/gcc/x86_64-pc-linux-gnu/12.4.0/include]
  collapse include dir [/usr/local/include] ==> [/usr/local/include]
  collapse include dir [/opt/ohpc/pub/compiler/gcc/12.4.0/include] ==> [/opt/ohpc/pub/compiler/gcc/12.4.0/include]
  collapse include dir [/opt/ohpc/pub/compiler/gcc/12.4.0/lib/gcc/x86_64-pc-linux-gnu/12.4.0/include-fixed] ==> [/opt/ohpc/pub/compiler/gcc/12.4.0/lib/gcc/x86_64-pc-linux-gnu/12.4.0/include-fixed]
  collapse include dir [/usr/include] ==> [/usr/include]
  implicit include dirs: [/opt/ohpc/pub/compiler/gcc/12.4.0/include/c++/12.4.0;/opt/ohpc/pub/compiler/gcc/12.4.0/include/c++/12.4.0/x86_64-pc-linux-gnu;/opt/ohpc/pub/compiler/gcc/12.4.0/include/c++/12.4.0/backward;/opt/ohpc/pub/compiler/gcc/12.4.0/lib/gcc/x86_64-pc-linux-gnu/12.4.0/include;/usr/local/include;/opt/ohpc/pub/compiler/gcc/12.4.0/include;/opt/ohpc/pub/compiler/gcc/12.4.0/lib/gcc/x86_64-pc-linux-gnu/12.4.0/include-fixed;/usr/include]


Parsed CXX implicit link information from above output:
  link line regex: [^( *|.*[/\])(ld|CMAKE_LINK_STARTFILE-NOTFOUND|([^/\]+-)?ld|collect2)[^/\]*( |$)]
  ignore line: [Change Dir: /home/fasanchezc/poiseuille_mvp/build/CMakeFiles/CMakeTmp]
  ignore line: []
  ignore line: [Run Build Command(s):/usr/bin/gmake -f Makefile cmTC_ba10d/fast && /usr/bin/gmake  -f CMakeFiles/cmTC_ba10d.dir/build.make CMakeFiles/cmTC_ba10d.dir/build]
  ignore line: [gmake[1]: Entering directory '/home/fasanchezc/poiseuille_mvp/build/CMakeFiles/CMakeTmp']
  ignore line: [Building CXX object CMakeFiles/cmTC_ba10d.dir/CMakeCXXCompilerABI.cpp.o]
  ignore line: [/opt/ohpc/pub/compiler/gcc/12.4.0/bin/c++   -v -o CMakeFiles/cmTC_ba10d.dir/CMakeCXXCompilerABI.cpp.o -c /opt/ohpc/pub/utils/cmake/3.24.2/share/cmake-3.24/Modules/CMakeCXXCompilerABI.cpp]
  ignore line: [Using built-in specs.]
  ignore line: [COLLECT_GCC=/opt/ohpc/pub/compiler/gcc/12.4.0/bin/c++]
  ignore line: [Target: x86_64-pc-linux-gnu]
  ignore line: [Configured with: ../configure --disable-multilib --enable-languages=c c++ fortran --prefix=/opt/ohpc/pub/compiler/gcc/12.4.0 --disable-static --enable-shared]
  ignore line: [Thread model: posix]
  ignore line: [Supported LTO compression algorithms: zlib]
  ignore line: [gcc version 12.4.0 (GCC) ]
  ignore line: [COLLECT_GCC_OPTIONS='-v' '-o' 'CMakeFiles/cmTC_ba10d.dir/CMakeCXXCompilerABI.cpp.o' '-c' '-shared-libgcc' '-mtune=generic' '-march=x86-64' '-dumpdir' 'CMakeFiles/cmTC_ba10d.dir/']
  ignore line: [ /opt/ohpc/pub/compiler/gcc/12.4.0/libexec/gcc/x86_64-pc-linux-gnu/12.4.0/cc1plus -quiet -v -D_GNU_SOURCE /opt/ohpc/pub/utils/cmake/3.24.2/share/cmake-3.24/Modules/CMakeCXXCompilerABI.cpp -quiet -dumpdir CMakeFiles/cmTC_ba10d.dir/ -dumpbase CMakeCXXCompilerABI.cpp.cpp -dumpbase-ext .cpp -mtune=generic -march=x86-64 -version -o /tmp/ccr6PID7.s]
  ignore line: [GNU C++17 (GCC) version 12.4.0 (x86_64-pc-linux-gnu)]
  ignore line: [	compiled by GNU C version 12.4.0  GMP version 6.3.0  MPFR version 4.2.1  MPC version 1.3.1  isl version none]
  ignore line: [GGC heuristics: --param ggc-min-expand=100 --param ggc-min-heapsize=131072]
  ignore line: [ignoring nonexistent directory "/opt/rocm-6.3.0/llvm/include"]
  ignore line: [ignoring nonexistent directory "/opt/ohpc/pub/compiler/gcc/12.4.0/lib/gcc/x86_64-pc-linux-gnu/12.4.0/../../../../x86_64-pc-linux-gnu/include"]
  ignore line: [#include "..." search starts here:]
  ignore line: [#include <...> search starts here:]
  ignore line: [ .]
  ignore line: [ /opt/ohpc/pub/compiler/gcc/12.4.0/lib/gcc/x86_64-pc-linux-gnu/12.4.0/../../../../include/c++/12.4.0]
  ignore line: [ /opt/ohpc/pub/compiler/gcc/12.4.0/lib/gcc/x86_64-pc-linux-gnu/12.4.0/../../../../include/c++/12.4.0/x86_64-pc-linux-gnu]
  ignore line: [ /opt/ohpc/pub/compiler/gcc/12.4.0/lib/gcc/x86_64-pc-linux-gnu/12.4.0/../../../../include/c++/12.4.0/backward]
  ignore line: [ /opt/ohpc/pub/compiler/gcc/12.4.0/lib/gcc/x86_64-pc-linux-gnu/12.4.0/include]
  ignore line: [ /usr/local/include]
  ignore line: [ /opt/ohpc/pub/compiler/gcc/12.4.0/include]
  ignore line: [ /opt/ohpc/pub/compiler/gcc/12.4.0/lib/gcc/x86_64-pc-linux-gnu/12.4.0/include-fixed]
  ignore line: [ /usr/include]
  ignore line: [End of search list.]
  ignore line: [GNU C++17 (GCC) version 12.4.0 (x86_64-pc-linux-gnu)]
  ignore line: [	compiled by GNU C version 12.4.0  GMP version 6.3.0  MPFR version 4.2.1  MPC version 1.3.1  isl version none]
  ignore line: [GGC heuristics: --param ggc-min-expand=100 --param ggc-min-heapsize=131072]
  ignore line: [Compiler executable checksum: 92a8a55e2d1b0ac6f3ea2b63ffda79c2]
  ignore line: [COLLECT_GCC_OPTIONS='-v' '-o' 'CMakeFiles/cmTC_ba10d.dir/CMakeCXXCompilerABI.cpp.o' '-c' '-shared-libgcc' '-mtune=generic' '-march=x86-64' '-dumpdir' 'CMakeFiles/cmTC_ba10d.dir/']
  ignore line: [ as -v --64 -o CMakeFiles/cmTC_ba10d.dir/CMakeCXXCompilerABI.cpp.o /tmp/ccr6PID7.s]
  ignore line: [GNU assembler version 2.30 (x86_64-redhat-linux) using BFD version version 2.30-125.el8_10]
  ignore line: [COMPILER_PATH=/opt/ohpc/pub/compiler/gcc/12.4.0/libexec/gcc/x86_64-pc-linux-gnu/12.4.0/:/opt/ohpc/pub/compiler/gcc/12.4.0/libexec/gcc/x86_64-pc-linux-gnu/12.4.0/:/opt/ohpc/pub/compiler/gcc/12.4.0/libexec/gcc/x86_64-pc-linux-gnu/:/opt/ohpc/pub/compiler/gcc/12.4.0/lib/gcc/x86_64-pc-linux-gnu/12.4.0/:/opt/ohpc/pub/compiler/gcc/12.4.0/lib/gcc/x86_64-pc-linux-gnu/]
  ignore line: [LIBRARY_PATH=/opt/ohpc/pub/compiler/gcc/12.4.0/lib/gcc/x86_64-pc-linux-gnu/12.4.0/:/opt/ohpc/pub/compiler/gcc/12.4.0/lib/gcc/x86_64-pc-linux-gnu/12.4.0/../../../../lib64/:/lib/../lib64/:/usr/lib/../lib64/:./:/opt/ohpc/pub/compiler/gcc/12.4.0/lib/gcc/x86_64-pc-linux-gnu/12.4.0/../../../:/lib/:/usr/lib/]
  ignore line: [COLLECT_GCC_OPTIONS='-v' '-o' 'CMakeFiles/cmTC_ba10d.dir/CMakeCXXCompilerABI.cpp.o' '-c' '-shared-libgcc' '-mtune=generic' '-march=x86-64' '-dumpdir' 'CMakeFiles/cmTC_ba10d.dir/CMakeCXXCompilerABI.cpp.']
  ignore line: [Linking CXX executable cmTC_ba10d]
  ignore line: [/opt/ohpc/pub/utils/cmake/3.24.2/bin/cmake -E cmake_link_script CMakeFiles/cmTC_ba10d.dir/link.txt --verbose=1]
  ignore line: [/opt/ohpc/pub/compiler/gcc/12.4.0/bin/c++  -v CMakeFiles/cmTC_ba10d.dir/CMakeCXXCompilerABI.cpp.o -o cmTC_ba10d ]
  ignore line: [Using built-in specs.]
  ignore line: [COLLECT_GCC=/opt/ohpc/pub/compiler/gcc/12.4.0/bin/c++]
  ignore line: [COLLECT_LTO_WRAPPER=/opt/ohpc/pub/compiler/gcc/12.4.0/libexec/gcc/x86_64-pc-linux-gnu/12.4.0/lto-wrapper]
  ignore line: [Target: x86_64-pc-linux-gnu]
  ignore line: [Configured with: ../configure --disable-multilib --enable-languages=c c++ fortran --prefix=/opt/ohpc/pub/compiler/gcc/12.4.0 --disable-static --enable-shared]
  ignore line: [Thread model: posix]
  ignore line: [Supported LTO compression algorithms: zlib]
  ignore line: [gcc version 12.4.0 (GCC) ]
  ignore line: [COMPILER_PATH=/opt/ohpc/pub/compiler/gcc/12.4.0/libexec/gcc/x86_64-pc-linux-gnu/12.4.0/:/opt/ohpc/pub/compiler/gcc/12.4.0/libexec/gcc/x86_64-pc-linux-gnu/12.4.0/:/opt/ohpc/pub/compiler/gcc/12.4.0/libexec/gcc/x86_64-pc-linux-gnu/:/opt/ohpc/pub/compiler/gcc/12.4.0/lib/gcc/x86_64-pc-linux-gnu/12.4.0/:/opt/ohpc/pub/compiler/gcc/12.4.0/lib/gcc/x86_64-pc-linux-gnu/]
  ignore line: [LIBRARY_PATH=/opt/ohpc/pub/compiler/gcc/12.4.0/lib/gcc/x86_64-pc-linux-gnu/12.4.0/:/opt/ohpc/pub/compiler/gcc/12.4.0/lib/gcc/x86_64-pc-linux-gnu/12.4.0/../../../../lib64/:/lib/../lib64/:/usr/lib/../lib64/:./:/opt/ohpc/pub/compiler/gcc/12.4.0/lib/gcc/x86_64-pc-linux-gnu/12.4.0/../../../:/lib/:/usr/lib/]
  ignore line: [COLLECT_GCC_OPTIONS='-v' '-o' 'cmTC_ba10d' '-shared-libgcc' '-mtune=generic' '-march=x86-64' '-dumpdir' 'cmTC_ba10d.']
  link line: [ /opt/ohpc/pub/compiler/gcc/12.4.0/libexec/gcc/x86_64-pc-linux-gnu/12.4.0/collect2 -plugin /opt/ohpc/pub/compiler/gcc/12.4.0/libexec/gcc/x86_64-pc-linux-gnu/12.4.0/liblto_plugin.so -plugin-opt=/opt/ohpc/pub/compiler/gcc/12.4.0/libexec/gcc/x86_64-pc-linux-gnu/12.4.0/lto-wrapper -plugin-opt=-fresolution=/tmp/ccGdLxN7.res -plugin-opt=-pass-through=-lgcc_s -plugin-opt=-pass-through=-lgcc -plugin-opt=-pass-through=-lc -plugin-opt=-pass-through=-lgcc_s -plugin-opt=-pass-through=-lgcc --eh-frame-hdr -m elf_x86_64 -dynamic-linker /lib64/ld-linux-x86-64.so.2 -o cmTC_ba10d /lib/../lib64/crt1.o /lib/../lib64/crti.o /opt/ohpc/pub/compiler/gcc/12.4.0/lib/gcc/x86_64-pc-linux-gnu/12.4.0/crtbegin.o -L/opt/ohpc/pub/compiler/gcc/12.4.0/lib/gcc/x86_64-pc-linux-gnu/12.4.0 -L/opt/ohpc/pub/compiler/gcc/12.4.0/lib/gcc/x86_64-pc-linux-gnu/12.4.0/../../../../lib64 -L/lib/../lib64 -L/usr/lib/../lib64 -L. -L/opt/ohpc/pub/compiler/gcc/12.4.0/lib/gcc/x86_64-pc-linux-gnu/12.4.0/../../.. CMakeFiles/cmTC_ba10d.dir/CMakeCXXCompilerABI.cpp.o -lstdc++ -lm -lgcc_s -lgcc -lc -lgcc_s -lgcc /opt/ohpc/pub/compiler/gcc/12.4.0/lib/gcc/x86_64-pc-linux-gnu/12.4.0/crtend.o /lib/../lib64/crtn.o]
    arg [/opt/ohpc/pub/compiler/gcc/12.4.0/libexec/gcc/x86_64-pc-linux-gnu/12.4.0/collect2] ==> ignore
    arg [-plugin] ==> ignore
    arg [/opt/ohpc/pub/compiler/gcc/12.4.0/libexec/gcc/x86_64-pc-linux-gnu/12.4.0/liblto_plugin.so] ==> ignore
    arg [-plugin-opt=/opt/ohpc/pub/compiler/gcc/12.4.0/libexec/gcc/x86_64-pc-linux-gnu/12.4.0/lto-wrapper] ==> ignore
    arg [-plugin-opt=-fresolution=/tmp/ccGdLxN7.res] ==> ignore
    arg [-plugin-opt=-pass-through=-lgcc_s] ==> ignore
    arg [-plugin-opt=-pass-through=-lgcc] ==> ignore
    arg [-plugin-opt=-pass-through=-lc] ==> ignore
    arg [-plugin-opt=-pass-through=-lgcc_s] ==> ignore
    arg [-plugin-opt=-pass-through=-lgcc] ==> ignore
    arg [--eh-frame-hdr] ==> ignore
    arg [-m] ==> ignore
    arg [elf_x86_64] ==> ignore
    arg [-dynamic-linker] ==> ignore
    arg [/lib64/ld-linux-x86-64.so.2] ==> ignore
    arg [-o] ==> ignore
    arg [cmTC_ba10d] ==> ignore
    arg [/lib/../lib64/crt1.o] ==> obj [/lib/../lib64/crt1.o]
    arg [/lib/../lib64/crti.o] ==> obj [/lib/../lib64/crti.o]
    arg [/opt/ohpc/pub/compiler/gcc/12.4.0/lib/gcc/x86_64-pc-linux-gnu/12.4.0/crtbegin.o] ==> obj [/opt/ohpc/pub/compiler/gcc/12.4.0/lib/gcc/x86_64-pc-linux-gnu/12.4.0/crtbegin.o]
    arg [-L/opt/ohpc/pub/compiler/gcc/12.4.0/lib/gcc/x86_64-pc-linux-gnu/12.4.0] ==> dir [/opt/ohpc/pub/compiler/gcc/12.4.0/lib/gcc/x86_64-pc-linux-gnu/12.4.0]
    arg [-L/opt/ohpc/pub/compiler/gcc/12.4.0/lib/gcc/x86_64-pc-linux-gnu/12.4.0/../../../../lib64] ==> dir [/opt/ohpc/pub/compiler/gcc/12.4.0/lib/gcc/x86_64-pc-linux-gnu/12.4.0/../../../../lib64]
    arg [-L/lib/../lib64] ==> dir [/lib/../lib64]
    arg [-L/usr/lib/../lib64] ==> dir [/usr/lib/../lib64]
    arg [-L.] ==> ignore
    arg [-L/opt/ohpc/pub/compiler/gcc/12.4.0/lib/gcc/x86_64-pc-linux-gnu/12.4.0/../../..] ==> dir [/opt/ohpc/pub/compiler/gcc/12.4.0/lib/gcc/x86_64-pc-linux-gnu/12.4.0/../../..]
    arg [CMakeFiles/cmTC_ba10d.dir/CMakeCXXCompilerABI.cpp.o] ==> ignore
    arg [-lstdc++] ==> lib [stdc++]
    arg [-lm] ==> lib [m]
    arg [-lgcc_s] ==> lib [gcc_s]
    arg [-lgcc] ==> lib [gcc]
    arg [-lc] ==> lib [c]
    arg [-lgcc_s] ==> lib [gcc_s]
    arg [-lgcc] ==> lib [gcc]
    arg [/opt/ohpc/pub/compiler/gcc/12.4.0/lib/gcc/x86_64-pc-linux-gnu/12.4.0/crtend.o] ==> obj [/opt/ohpc/pub/compiler/gcc/12.4.0/lib/gcc/x86_64-pc-linux-gnu/12.4.0/crtend.o]
    arg [/lib/../lib64/crtn.o] ==> obj [/lib/../lib64/crtn.o]
  collapse obj [/lib/../lib64/crt1.o] ==> [/lib64/crt1.o]
  collapse obj [/lib/../lib64/crti.o] ==> [/lib64/crti.o]
  collapse obj [/lib/../lib64/crtn.o] ==> [/lib64/crtn.o]
  collapse library dir [/opt/ohpc/pub/compiler/gcc/12.4.0/lib/gcc/x86_64-pc-linux-gnu/12.4.0] ==> [/opt/ohpc/pub/compiler/gcc/12.4.0/lib/gcc/x86_64-pc-linux-gnu/12.4.0]
  collapse library dir [/opt/ohpc/pub/compiler/gcc/12.4.0/lib/gcc/x86_64-pc-linux-gnu/12.4.0/../../../../lib64] ==> [/opt/ohpc/pub/compiler/gcc/12.4.0/lib64]
  collapse library dir [/lib/../lib64] ==> [/lib64]
  collapse library dir [/usr/lib/../lib64] ==> [/usr/lib64]
  collapse library dir [/opt/ohpc/pub/compiler/gcc/12.4.0/lib/gcc/x86_64-pc-linux-gnu/12.4.0/../../..] ==> [/opt/ohpc/pub/compiler/gcc/12.4.0/lib]
  implicit libs: [stdc++;m;gcc_s;gcc;c;gcc_s;gcc]
  implicit objs: [/lib64/crt1.o;/lib64/crti.o;/opt/ohpc/pub/compiler/gcc/12.4.0/lib/gcc/x86_64-pc-linux-gnu/12.4.0/crtbegin.o;/opt/ohpc/pub/compiler/gcc/12.4.0/lib/gcc/x86_64-pc-linux-gnu/12.4.0/crtend.o;/lib64/crtn.o]
  implicit dirs: [/opt/ohpc/pub/compiler/gcc/12.4.0/lib/gcc/x86_64-pc-linux-gnu/12.4.0;/opt/ohpc/pub/compiler/gcc/12.4.0/lib64;/lib64;/usr/lib64;/opt/ohpc/pub/compiler/gcc/12.4.0/lib]
  implicit fwks: []


Detecting HIP compiler ABI info compiled with the following output:
Change Dir: /home/fasanchezc/poiseuille_mvp/build/CMakeFiles/CMakeTmp

Run Build Command(s):/usr/bin/gmake -f Makefile cmTC_42dd7/fast && /usr/bin/gmake  -f CMakeFiles/cmTC_42dd7.dir/build.make CMakeFiles/cmTC_42dd7.dir/build
gmake[1]: Entering directory '/home/fasanchezc/poiseuille_mvp/build/CMakeFiles/CMakeTmp'
Building HIP object CMakeFiles/cmTC_42dd7.dir/CMakeHIPCompilerABI.hip.o
/opt/rocm-6.4.3/lib/llvm/bin/clang++ -D__HIP_ROCclr__=1 -isystem /opt/rocm-6.4.3/include --cuda-host-only  --offload-arch=gfx90a   -v -o CMakeFiles/cmTC_42dd7.dir/CMakeHIPCompilerABI.hip.o -x hip -c /opt/ohpc/pub/utils/cmake/3.24.2/share/cmake-3.24/Modules/CMakeHIPCompilerABI.hip
AMD clang version 19.0.0git (https://github.com/RadeonOpenCompute/llvm-project roc-6.4.3 25224 d366fa84f3fdcbd4b10847ebd5db572ae12a34fb)
Target: x86_64-unknown-linux-gnu
Thread model: posix
InstalledDir: /opt/rocm-6.4.3/lib/llvm/bin
Configuration file: /opt/rocm-6.4.3/lib/llvm/bin/clang++.cfg
Found candidate GCC installation: /opt/rh/gcc-toolset-11/root/usr/lib/gcc/x86_64-redhat-linux/11
Selected GCC installation: /opt/rh/gcc-toolset-11/root/usr/lib/gcc/x86_64-redhat-linux/11
Candidate multilib: .;@m64
Candidate multilib: 32;@m32
Selected multilib: .;@m64
Found HIP installation: /opt/rocm-6.4.3/lib/llvm/bin/../../.., version 6.4.43484
 (in-process)
 "/opt/rocm-6.4.3/lib/llvm/bin/clang-19" -cc1 -triple x86_64-unknown-linux-gnu -aux-triple amdgcn-amd-amdhsa -emit-obj -disable-free -clear-ast-before-backend -disable-llvm-verifier -discard-value-names -main-file-name CMakeHIPCompilerABI.hip -mrelocation-model static -mframe-pointer=all -fmath-errno -fno-rounding-math -mconstructor-aliases -funwind-tables=2 -target-cpu x86-64 -tune-cpu generic -debugger-tuning=gdb -fdebug-compilation-dir=/home/fasanchezc/poiseuille_mvp/build/CMakeFiles/CMakeTmp -v -fcoverage-compilation-dir=/home/fasanchezc/poiseuille_mvp/build/CMakeFiles/CMakeTmp -resource-dir /opt/rocm-6.4.3/lib/llvm/lib/clang/19 -internal-isystem /opt/rocm-6.4.3/lib/llvm/lib/clang/19/include/cuda_wrappers -idirafter /opt/rocm-6.4.3/lib/llvm/bin/../../../include -include __clang_hip_runtime_wrapper.h -isystem /opt/rocm-6.4.3/include -D __HIP_ROCclr__=1 -c-isystem /opt/rocm-6.3.0/llvm/include -c-isystem . -cxx-isystem /opt/rocm-6.3.0/llvm/include -cxx-isystem . -internal-isystem /opt/rh/gcc-toolset-11/root/usr/lib/gcc/x86_64-redhat-linux/11/../../../../include/c++/11 -internal-isystem /opt/rh/gcc-toolset-11/root/usr/lib/gcc/x86_64-redhat-linux/11/../../../../include/c++/11/x86_64-redhat-linux -internal-isystem /opt/rh/gcc-toolset-11/root/usr/lib/gcc/x86_64-redhat-linux/11/../../../../include/c++/11/backward -internal-isystem /opt/rh/gcc-toolset-11/root/usr/lib/gcc/x86_64-redhat-linux/11/../../../../include/c++/11 -internal-isystem /opt/rh/gcc-toolset-11/root/usr/lib/gcc/x86_64-redhat-linux/11/../../../../include/c++/11/x86_64-redhat-linux -internal-isystem /opt/rh/gcc-toolset-11/root/usr/lib/gcc/x86_64-redhat-linux/11/../../../../include/c++/11/backward -internal-isystem /opt/rocm-6.4.3/lib/llvm/lib/clang/19/include -internal-isystem /usr/local/include -internal-isystem /opt/rh/gcc-toolset-11/root/usr/lib/gcc/x86_64-redhat-linux/11/../../../../x86_64-redhat-linux/include -internal-externc-isystem /include -internal-externc-isystem /usr/include -internal-isystem /opt/rocm-6.4.3/lib/llvm/lib/clang/19/include -internal-isystem /usr/local/include -internal-isystem /opt/rh/gcc-toolset-11/root/usr/lib/gcc/x86_64-redhat-linux/11/../../../../x86_64-redhat-linux/include -internal-externc-isystem /include -internal-externc-isystem /usr/include -fdeprecated-macro -ferror-limit 19 -fhip-new-launch-api -fgnuc-version=4.2.1 -fskip-odr-check-in-gmf -fcxx-exceptions -fexceptions -cuid=8dbd6f919df59b4a -fcuda-allow-variadic-functions -faddrsig -D__GCC_HAVE_DWARF2_CFI_ASM=1 -o CMakeFiles/cmTC_42dd7.dir/CMakeHIPCompilerABI.hip.o -x hip /opt/ohpc/pub/utils/cmake/3.24.2/share/cmake-3.24/Modules/CMakeHIPCompilerABI.hip
clang -cc1 version 19.0.0git based upon LLVM 19.0.0git default target x86_64-unknown-linux-gnu
ignoring nonexistent directory "/opt/rocm-6.3.0/llvm/include"
ignoring nonexistent directory "/opt/rocm-6.3.0/llvm/include"
ignoring nonexistent directory "/opt/rh/gcc-toolset-11/root/usr/lib/gcc/x86_64-redhat-linux/11/../../../../x86_64-redhat-linux/include"
ignoring nonexistent directory "/include"
ignoring nonexistent directory "/opt/rh/gcc-toolset-11/root/usr/lib/gcc/x86_64-redhat-linux/11/../../../../x86_64-redhat-linux/include"
ignoring nonexistent directory "/include"
ignoring duplicate directory "/opt/rh/gcc-toolset-11/root/usr/lib/gcc/x86_64-redhat-linux/11/../../../../include/c++/11"
ignoring duplicate directory "/opt/rh/gcc-toolset-11/root/usr/lib/gcc/x86_64-redhat-linux/11/../../../../include/c++/11/x86_64-redhat-linux"
ignoring duplicate directory "/opt/rh/gcc-toolset-11/root/usr/lib/gcc/x86_64-redhat-linux/11/../../../../include/c++/11/backward"
ignoring duplicate directory "/opt/rocm-6.4.3/lib/llvm/lib/clang/19/include"
ignoring duplicate directory "/usr/local/include"
ignoring duplicate directory "/usr/include"
ignoring duplicate directory "/opt/rocm-6.4.3/lib/llvm/bin/../../../include"
#include "..." search starts here:
#include <...> search starts here:
 /opt/rocm-6.4.3/include
 .
 /opt/rocm-6.4.3/lib/llvm/lib/clang/19/include/cuda_wrappers
 /opt/rh/gcc-toolset-11/root/usr/lib/gcc/x86_64-redhat-linux/11/../../../../include/c++/11
 /opt/rh/gcc-toolset-11/root/usr/lib/gcc/x86_64-redhat-linux/11/../../../../include/c++/11/x86_64-redhat-linux
 /opt/rh/gcc-toolset-11/root/usr/lib/gcc/x86_64-redhat-linux/11/../../../../include/c++/11/backward
 /opt/rocm-6.4.3/lib/llvm/lib/clang/19/include
 /usr/local/include
 /usr/include
End of search list.
Linking HIP executable cmTC_42dd7
/opt/ohpc/pub/utils/cmake/3.24.2/bin/cmake -E cmake_link_script CMakeFiles/cmTC_42dd7.dir/link.txt --verbose=1
/opt/rocm-6.4.3/lib/llvm/bin/clang++  --cuda-host-only  --offload-arch=gfx90a  -v --hip-link --rtlib=compiler-rt -unwindlib=libgcc CMakeFiles/cmTC_42dd7.dir/CMakeHIPCompilerABI.hip.o -o cmTC_42dd7  /opt/rocm-6.4.3/lib/libamdhip64.so.6.4.60403 
AMD clang version 19.0.0git (https://github.com/RadeonOpenCompute/llvm-project roc-6.4.3 25224 d366fa84f3fdcbd4b10847ebd5db572ae12a34fb)
Target: x86_64-unknown-linux-gnu
Thread model: posix
InstalledDir: /opt/rocm-6.4.3/lib/llvm/bin
Configuration file: /opt/rocm-6.4.3/lib/llvm/bin/clang++.cfg
Found candidate GCC installation: /opt/rh/gcc-toolset-11/root/usr/lib/gcc/x86_64-redhat-linux/11
Selected GCC installation: /opt/rh/gcc-toolset-11/root/usr/lib/gcc/x86_64-redhat-linux/11
Candidate multilib: .;@m64
Candidate multilib: 32;@m32
Selected multilib: .;@m64
Found HIP installation: /opt/rocm-6.4.3/lib/llvm/bin/../../.., version 6.4.43484
 "/opt/rocm-6.4.3/lib/llvm/bin/ld.lld" --hash-style=gnu --eh-frame-hdr -m elf_x86_64 -dynamic-linker /lib64/ld-linux-x86-64.so.2 -o cmTC_42dd7 /lib/../lib64/crt1.o /lib/../lib64/crti.o /opt/rocm-6.4.3/lib/llvm/lib/clang/19/lib/linux/clang_rt.crtbegin-x86_64.o -L/opt/rh/gcc-toolset-11/root/usr/lib/gcc/x86_64-redhat-linux/11 -L/opt/rh/gcc-toolset-11/root/usr/lib/gcc/x86_64-redhat-linux/11/../../../../lib64 -L/lib/../lib64 -L/usr/lib/../lib64 -L/lib -L/usr/lib -L/opt/rocm-6.3.0/llvm/lib -L. --enable-new-dtags CMakeFiles/cmTC_42dd7.dir/CMakeHIPCompilerABI.hip.o /opt/rocm-6.4.3/lib/libamdhip64.so.6.4.60403 -L/opt/rocm-6.4.3/lib/llvm/bin/../../../lib -rpath /opt/rocm-6.4.3/lib/llvm/bin/../../../lib -lamdhip64 -lstdc++ -lm /opt/rocm-6.4.3/lib/llvm/lib/clang/19/lib/linux/libclang_rt.builtins-x86_64.a -lgcc_s -lc /opt/rocm-6.4.3/lib/llvm/lib/clang/19/lib/linux/libclang_rt.builtins-x86_64.a -lgcc_s /opt/rocm-6.4.3/lib/llvm/lib/clang/19/lib/linux/clang_rt.crtend-x86_64.o /lib/../lib64/crtn.o
gmake[1]: Leaving directory '/home/fasanchezc/poiseuille_mvp/build/CMakeFiles/CMakeTmp'



Parsed HIP implicit include dir info from above output: rv=done
  found start of include info
  found start of implicit include info
    add: [/opt/rocm-6.4.3/include]
    add: [.]
    add: [/opt/rocm-6.4.3/lib/llvm/lib/clang/19/include/cuda_wrappers]
    add: [/opt/rh/gcc-toolset-11/root/usr/lib/gcc/x86_64-redhat-linux/11/../../../../include/c++/11]
    add: [/opt/rh/gcc-toolset-11/root/usr/lib/gcc/x86_64-redhat-linux/11/../../../../include/c++/11/x86_64-redhat-linux]
    add: [/opt/rh/gcc-toolset-11/root/usr/lib/gcc/x86_64-redhat-linux/11/../../../../include/c++/11/backward]
    add: [/opt/rocm-6.4.3/lib/llvm/lib/clang/19/include]
    add: [/usr/local/include]
    add: [/usr/include]
  end of search list found
  collapse include dir [/opt/rocm-6.4.3/include] ==> [/opt/rocm-6.4.3/include]
  skipping relative include dir [.]
  collapse include dir [/opt/rocm-6.4.3/lib/llvm/lib/clang/19/include/cuda_wrappers] ==> [/opt/rocm-6.4.3/lib/llvm/lib/clang/19/include/cuda_wrappers]
  collapse include dir [/opt/rh/gcc-toolset-11/root/usr/lib/gcc/x86_64-redhat-linux/11/../../../../include/c++/11] ==> [/opt/rh/gcc-toolset-11/root/usr/include/c++/11]
  collapse include dir [/opt/rh/gcc-toolset-11/root/usr/lib/gcc/x86_64-redhat-linux/11/../../../../include/c++/11/x86_64-redhat-linux] ==> [/opt/rh/gcc-toolset-11/root/usr/include/c++/11/x86_64-redhat-linux]
  collapse include dir [/opt/rh/gcc-toolset-11/root/usr/lib/gcc/x86_64-redhat-linux/11/../../../../include/c++/11/backward] ==> [/opt/rh/gcc-toolset-11/root/usr/include/c++/11/backward]
  collapse include dir [/opt/rocm-6.4.3/lib/llvm/lib/clang/19/include] ==> [/opt/rocm-6.4.3/lib/llvm/lib/clang/19/include]
  collapse include dir [/usr/local/include] ==> [/usr/local/include]
  collapse include dir [/usr/include] ==> [/usr/include]
  implicit include dirs: [/opt/rocm-6.4.3/include;/opt/rocm-6.4.3/lib/llvm/lib/clang/19/include/cuda_wrappers;/opt/rh/gcc-toolset-11/root/usr/include/c++/11;/opt/rh/gcc-toolset-11/root/usr/include/c++/11/x86_64-redhat-linux;/opt/rh/gcc-toolset-11/root/usr/include/c++/11/backward;/opt/rocm-6.4.3/lib/llvm/lib/clang/19/include;/usr/local/include;/usr/include]


Parsed HIP implicit link information from above output:
  link line regex: [^( *|.*[/\])(ld|CMAKE_LINK_STARTFILE-NOTFOUND|([^/\]+-)?ld|collect2)[^/\]*( |$)]
  ignore line: [Change Dir: /home/fasanchezc/poiseuille_mvp/build/CMakeFiles/CMakeTmp]
  ignore line: []
  ignore line: [Run Build Command(s):/usr/bin/gmake -f Makefile cmTC_42dd7/fast && /usr/bin/gmake  -f CMakeFiles/cmTC_42dd7.dir/build.make CMakeFiles/cmTC_42dd7.dir/build]
  ignore line: [gmake[1]: Entering directory '/home/fasanchezc/poiseuille_mvp/build/CMakeFiles/CMakeTmp']
  ignore line: [Building HIP object CMakeFiles/cmTC_42dd7.dir/CMakeHIPCompilerABI.hip.o]
  ignore line: [/opt/rocm-6.4.3/lib/llvm/bin/clang++ -D__HIP_ROCclr__=1 -isystem /opt/rocm-6.4.3/include --cuda-host-only  --offload-arch=gfx90a   -v -o CMakeFiles/cmTC_42dd7.dir/CMakeHIPCompilerABI.hip.o -x hip -c /opt/ohpc/pub/utils/cmake/3.24.2/share/cmake-3.24/Modules/CMakeHIPCompilerABI.hip]
  ignore line: [AMD clang version 19.0.0git (https://github.com/RadeonOpenCompute/llvm-project roc-6.4.3 25224 d366fa84f3fdcbd4b10847ebd5db572ae12a34fb)]
  ignore line: [Target: x86_64-unknown-linux-gnu]
  ignore line: [Thread model: posix]
  ignore line: [InstalledDir: /opt/rocm-6.4.3/lib/llvm/bin]
  ignore line: [Configuration file: /opt/rocm-6.4.3/lib/llvm/bin/clang++.cfg]
  ignore line: [Found candidate GCC installation: /opt/rh/gcc-toolset-11/root/usr/lib/gcc/x86_64-redhat-linux/11]
  ignore line: [Selected GCC installation: /opt/rh/gcc-toolset-11/root/usr/lib/gcc/x86_64-redhat-linux/11]
  ignore line: [Candidate multilib: .]
  ignore line: [@m64]
  ignore line: [Candidate multilib: 32]
  ignore line: [@m32]
  ignore line: [Selected multilib: .]
  ignore line: [@m64]
  ignore line: [Found HIP installation: /opt/rocm-6.4.3/lib/llvm/bin/../../..  version 6.4.43484]
  ignore line: [ (in-process)]
  ignore line: [ "/opt/rocm-6.4.3/lib/llvm/bin/clang-19" -cc1 -triple x86_64-unknown-linux-gnu -aux-triple amdgcn-amd-amdhsa -emit-obj -disable-free -clear-ast-before-backend -disable-llvm-verifier -discard-value-names -main-file-name CMakeHIPCompilerABI.hip -mrelocation-model static -mframe-pointer=all -fmath-errno -fno-rounding-math -mconstructor-aliases -funwind-tables=2 -target-cpu x86-64 -tune-cpu generic -debugger-tuning=gdb -fdebug-compilation-dir=/home/fasanchezc/poiseuille_mvp/build/CMakeFiles/CMakeTmp -v -fcoverage-compilation-dir=/home/fasanchezc/poiseuille_mvp/build/CMakeFiles/CMakeTmp -resource-dir /opt/rocm-6.4.3/lib/llvm/lib/clang/19 -internal-isystem /opt/rocm-6.4.3/lib/llvm/lib/clang/19/include/cuda_wrappers -idirafter /opt/rocm-6.4.3/lib/llvm/bin/../../../include -include __clang_hip_runtime_wrapper.h -isystem /opt/rocm-6.4.3/include -D __HIP_ROCclr__=1 -c-isystem /opt/rocm-6.3.0/llvm/include -c-isystem . -cxx-isystem /opt/rocm-6.3.0/llvm/include -cxx-isystem . -internal-isystem /opt/rh/gcc-toolset-11/root/usr/lib/gcc/x86_64-redhat-linux/11/../../../../include/c++/11 -internal-isystem /opt/rh/gcc-toolset-11/root/usr/lib/gcc/x86_64-redhat-linux/11/../../../../include/c++/11/x86_64-redhat-linux -internal-isystem /opt/rh/gcc-toolset-11/root/usr/lib/gcc/x86_64-redhat-linux/11/../../../../include/c++/11/backward -internal-isystem /opt/rh/gcc-toolset-11/root/usr/lib/gcc/x86_64-redhat-linux/11/../../../../include/c++/11 -internal-isystem /opt/rh/gcc-toolset-11/root/usr/lib/gcc/x86_64-redhat-linux/11/../../../../include/c++/11/x86_64-redhat-linux -internal-isystem /opt/rh/gcc-toolset-11/root/usr/lib/gcc/x86_64-redhat-linux/11/../../../../include/c++/11/backward -internal-isystem /opt/rocm-6.4.3/lib/llvm/lib/clang/19/include -internal-isystem /usr/local/include -internal-isystem /opt/rh/gcc-toolset-11/root/usr/lib/gcc/x86_64-redhat-linux/11/../../../../x86_64-redhat-linux/include -internal-externc-isystem /include -internal-externc-isystem /usr/include -internal-isystem /opt/rocm-6.4.3/lib/llvm/lib/clang/19/include -internal-isystem /usr/local/include -internal-isystem /opt/rh/gcc-toolset-11/root/usr/lib/gcc/x86_64-redhat-linux/11/../../../../x86_64-redhat-linux/include -internal-externc-isystem /include -internal-externc-isystem /usr/include -fdeprecated-macro -ferror-limit 19 -fhip-new-launch-api -fgnuc-version=4.2.1 -fskip-odr-check-in-gmf -fcxx-exceptions -fexceptions -cuid=8dbd6f919df59b4a -fcuda-allow-variadic-functions -faddrsig -D__GCC_HAVE_DWARF2_CFI_ASM=1 -o CMakeFiles/cmTC_42dd7.dir/CMakeHIPCompilerABI.hip.o -x hip /opt/ohpc/pub/utils/cmake/3.24.2/share/cmake-3.24/Modules/CMakeHIPCompilerABI.hip]
  ignore line: [clang -cc1 version 19.0.0git based upon LLVM 19.0.0git default target x86_64-unknown-linux-gnu]
  ignore line: [ignoring nonexistent directory "/opt/rocm-6.3.0/llvm/include"]
  ignore line: [ignoring nonexistent directory "/opt/rocm-6.3.0/llvm/include"]
  ignore line: [ignoring nonexistent directory "/opt/rh/gcc-toolset-11/root/usr/lib/gcc/x86_64-redhat-linux/11/../../../../x86_64-redhat-linux/include"]
  ignore line: [ignoring nonexistent directory "/include"]
  ignore line: [ignoring nonexistent directory "/opt/rh/gcc-toolset-11/root/usr/lib/gcc/x86_64-redhat-linux/11/../../../../x86_64-redhat-linux/include"]
  ignore line: [ignoring nonexistent directory "/include"]
  ignore line: [ignoring duplicate directory "/opt/rh/gcc-toolset-11/root/usr/lib/gcc/x86_64-redhat-linux/11/../../../../include/c++/11"]
  ignore line: [ignoring duplicate directory "/opt/rh/gcc-toolset-11/root/usr/lib/gcc/x86_64-redhat-linux/11/../../../../include/c++/11/x86_64-redhat-linux"]
  ignore line: [ignoring duplicate directory "/opt/rh/gcc-toolset-11/root/usr/lib/gcc/x86_64-redhat-linux/11/../../../../include/c++/11/backward"]
  ignore line: [ignoring duplicate directory "/opt/rocm-6.4.3/lib/llvm/lib/clang/19/include"]
  ignore line: [ignoring duplicate directory "/usr/local/include"]
  ignore line: [ignoring duplicate directory "/usr/include"]
  ignore line: [ignoring duplicate directory "/opt/rocm-6.4.3/lib/llvm/bin/../../../include"]
  ignore line: [#include "..." search starts here:]
  ignore line: [#include <...> search starts here:]
  ignore line: [ /opt/rocm-6.4.3/include]
  ignore line: [ .]
  ignore line: [ /opt/rocm-6.4.3/lib/llvm/lib/clang/19/include/cuda_wrappers]
  ignore line: [ /opt/rh/gcc-toolset-11/root/usr/lib/gcc/x86_64-redhat-linux/11/../../../../include/c++/11]
  ignore line: [ /opt/rh/gcc-toolset-11/root/usr/lib/gcc/x86_64-redhat-linux/11/../../../../include/c++/11/x86_64-redhat-linux]
  ignore line: [ /opt/rh/gcc-toolset-11/root/usr/lib/gcc/x86_64-redhat-linux/11/../../../../include/c++/11/backward]
  ignore line: [ /opt/rocm-6.4.3/lib/llvm/lib/clang/19/include]
  ignore line: [ /usr/local/include]
  ignore line: [ /usr/include]
  ignore line: [End of search list.]
  ignore line: [Linking HIP executable cmTC_42dd7]
  ignore line: [/opt/ohpc/pub/utils/cmake/3.24.2/bin/cmake -E cmake_link_script CMakeFiles/cmTC_42dd7.dir/link.txt --verbose=1]
  ignore line: [/opt/rocm-6.4.3/lib/llvm/bin/clang++  --cuda-host-only  --offload-arch=gfx90a  -v --hip-link --rtlib=compiler-rt -unwindlib=libgcc CMakeFiles/cmTC_42dd7.dir/CMakeHIPCompilerABI.hip.o -o cmTC_42dd7  /opt/rocm-6.4.3/lib/libamdhip64.so.6.4.60403 ]
  ignore line: [AMD clang version 19.0.0git (https://github.com/RadeonOpenCompute/llvm-project roc-6.4.3 25224 d366fa84f3fdcbd4b10847ebd5db572ae12a34fb)]
  ignore line: [Target: x86_64-unknown-linux-gnu]
  ignore line: [Thread model: posix]
  ignore line: [InstalledDir: /opt/rocm-6.4.3/lib/llvm/bin]
  ignore line: [Configuration file: /opt/rocm-6.4.3/lib/llvm/bin/clang++.cfg]
  ignore line: [Found candidate GCC installation: /opt/rh/gcc-toolset-11/root/usr/lib/gcc/x86_64-redhat-linux/11]
  ignore line: [Selected GCC installation: /opt/rh/gcc-toolset-11/root/usr/lib/gcc/x86_64-redhat-linux/11]
  ignore line: [Candidate multilib: .]
  ignore line: [@m64]
  ignore line: [Candidate multilib: 32]
  ignore line: [@m32]
  ignore line: [Selected multilib: .]
  ignore line: [@m64]
  ignore line: [Found HIP installation: /opt/rocm-6.4.3/lib/llvm/bin/../../..  version 6.4.43484]
  link line: [ "/opt/rocm-6.4.3/lib/llvm/bin/ld.lld" --hash-style=gnu --eh-frame-hdr -m elf_x86_64 -dynamic-linker /lib64/ld-linux-x86-64.so.2 -o cmTC_42dd7 /lib/../lib64/crt1.o /lib/../lib64/crti.o /opt/rocm-6.4.3/lib/llvm/lib/clang/19/lib/linux/clang_rt.crtbegin-x86_64.o -L/opt/rh/gcc-toolset-11/root/usr/lib/gcc/x86_64-redhat-linux/11 -L/opt/rh/gcc-toolset-11/root/usr/lib/gcc/x86_64-redhat-linux/11/../../../../lib64 -L/lib/../lib64 -L/usr/lib/../lib64 -L/lib -L/usr/lib -L/opt/rocm-6.3.0/llvm/lib -L. --enable-new-dtags CMakeFiles/cmTC_42dd7.dir/CMakeHIPCompilerABI.hip.o /opt/rocm-6.4.3/lib/libamdhip64.so.6.4.60403 -L/opt/rocm-6.4.3/lib/llvm/bin/../../../lib -rpath /opt/rocm-6.4.3/lib/llvm/bin/../../../lib -lamdhip64 -lstdc++ -lm /opt/rocm-6.4.3/lib/llvm/lib/clang/19/lib/linux/libclang_rt.builtins-x86_64.a -lgcc_s -lc /opt/rocm-6.4.3/lib/llvm/lib/clang/19/lib/linux/libclang_rt.builtins-x86_64.a -lgcc_s /opt/rocm-6.4.3/lib/llvm/lib/clang/19/lib/linux/clang_rt.crtend-x86_64.o /lib/../lib64/crtn.o]
    arg [/opt/rocm-6.4.3/lib/llvm/bin/ld.lld] ==> ignore
    arg [--hash-style=gnu] ==> ignore
    arg [--eh-frame-hdr] ==> ignore
    arg [-m] ==> ignore
    arg [elf_x86_64] ==> ignore
    arg [-dynamic-linker] ==> ignore
    arg [/lib64/ld-linux-x86-64.so.2] ==> ignore
    arg [-o] ==> ignore
    arg [cmTC_42dd7] ==> ignore
    arg [/lib/../lib64/crt1.o] ==> obj [/lib/../lib64/crt1.o]
    arg [/lib/../lib64/crti.o] ==> obj [/lib/../lib64/crti.o]
    arg [/opt/rocm-6.4.3/lib/llvm/lib/clang/19/lib/linux/clang_rt.crtbegin-x86_64.o] ==> obj [/opt/rocm-6.4.3/lib/llvm/lib/clang/19/lib/linux/clang_rt.crtbegin-x86_64.o]
    arg [-L/opt/rh/gcc-toolset-11/root/usr/lib/gcc/x86_64-redhat-linux/11] ==> dir [/opt/rh/gcc-toolset-11/root/usr/lib/gcc/x86_64-redhat-linux/11]
    arg [-L/opt/rh/gcc-toolset-11/root/usr/lib/gcc/x86_64-redhat-linux/11/../../../../lib64] ==> dir [/opt/rh/gcc-toolset-11/root/usr/lib/gcc/x86_64-redhat-linux/11/../../../../lib64]
    arg [-L/lib/../lib64] ==> dir [/lib/../lib64]
    arg [-L/usr/lib/../lib64] ==> dir [/usr/lib/../lib64]
    arg [-L/lib] ==> dir [/lib]
    arg [-L/usr/lib] ==> dir [/usr/lib]
    arg [-L/opt/rocm-6.3.0/llvm/lib] ==> dir [/opt/rocm-6.3.0/llvm/lib]
    arg [-L.] ==> ignore
    arg [--enable-new-dtags] ==> ignore
    arg [CMakeFiles/cmTC_42dd7.dir/CMakeHIPCompilerABI.hip.o] ==> ignore
    arg [/opt/rocm-6.4.3/lib/libamdhip64.so.6.4.60403] ==> ignore
    arg [-L/opt/rocm-6.4.3/lib/llvm/bin/../../../lib] ==> dir [/opt/rocm-6.4.3/lib/llvm/bin/../../../lib]
    arg [-rpath] ==> ignore
    arg [/opt/rocm-6.4.3/lib/llvm/bin/../../../lib] ==> ignore
    arg [-lamdhip64] ==> lib [amdhip64]
    arg [-lstdc++] ==> lib [stdc++]
    arg [-lm] ==> lib [m]
    arg [/opt/rocm-6.4.3/lib/llvm/lib/clang/19/lib/linux/libclang_rt.builtins-x86_64.a] ==> lib [/opt/rocm-6.4.3/lib/llvm/lib/clang/19/lib/linux/libclang_rt.builtins-x86_64.a]
    arg [-lgcc_s] ==> lib [gcc_s]
    arg [-lc] ==> lib [c]
    arg [/opt/rocm-6.4.3/lib/llvm/lib/clang/19/lib/linux/libclang_rt.builtins-x86_64.a] ==> lib [/opt/rocm-6.4.3/lib/llvm/lib/clang/19/lib/linux/libclang_rt.builtins-x86_64.a]
    arg [-lgcc_s] ==> lib [gcc_s]
    arg [/opt/rocm-6.4.3/lib/llvm/lib/clang/19/lib/linux/clang_rt.crtend-x86_64.o] ==> obj [/opt/rocm-6.4.3/lib/llvm/lib/clang/19/lib/linux/clang_rt.crtend-x86_64.o]
    arg [/lib/../lib64/crtn.o] ==> obj [/lib/../lib64/crtn.o]
  remove lib [/opt/rocm-6.4.3/lib/llvm/lib/clang/19/lib/linux/libclang_rt.builtins-x86_64.a]
  remove lib [/opt/rocm-6.4.3/lib/llvm/lib/clang/19/lib/linux/libclang_rt.builtins-x86_64.a]
  collapse obj [/lib/../lib64/crt1.o] ==> [/lib64/crt1.o]
  collapse obj [/lib/../lib64/crti.o] ==> [/lib64/crti.o]
  collapse obj [/lib/../lib64/crtn.o] ==> [/lib64/crtn.o]
  collapse library dir [/opt/rh/gcc-toolset-11/root/usr/lib/gcc/x86_64-redhat-linux/11] ==> [/opt/rh/gcc-toolset-11/root/usr/lib/gcc/x86_64-redhat-linux/11]
  collapse library dir [/opt/rh/gcc-toolset-11/root/usr/lib/gcc/x86_64-redhat-linux/11/../../../../lib64] ==> [/opt/rh/gcc-toolset-11/root/usr/lib64]
  collapse library dir [/lib/../lib64] ==> [/lib64]
  collapse library dir [/usr/lib/../lib64] ==> [/usr/lib64]
  collapse library dir [/lib] ==> [/lib]
  collapse library dir [/usr/lib] ==> [/usr/lib]
  collapse library dir [/opt/rocm-6.3.0/llvm/lib] ==> [/opt/rocm-6.3.0/llvm/lib]
  collapse library dir [/opt/rocm-6.4.3/lib/llvm/bin/../../../lib] ==> [/opt/rocm-6.4.3/lib]
  implicit libs: [amdhip64;stdc++;m;gcc_s;c;gcc_s]
  implicit objs: [/lib64/crt1.o;/lib64/crti.o;/opt/rocm-6.4.3/lib/llvm/lib/clang/19/lib/linux/clang_rt.crtbegin-x86_64.o;/opt/rocm-6.4.3/lib/llvm/lib/clang/19/lib/linux/clang_rt.crtend-x86_64.o;/lib64/crtn.o]
  implicit dirs: [/opt/rh/gcc-toolset-11/root/usr/lib/gcc/x86_64-redhat-linux/11;/opt/rh/gcc-toolset-11/root/usr/lib64;/lib64;/usr/lib64;/lib;/usr/lib;/opt/rocm-6.3.0/llvm/lib;/opt/rocm-6.4.3/lib]
  implicit fwks: []


Determining if the function pthread_create exists in the pthread passed with the following output:
Change Dir: /home/fasanchezc/poiseuille_mvp/build/CMakeFiles/CMakeTmp

Run Build Command(s):/usr/bin/gmake -f Makefile cmTC_6fb9e/fast && /usr/bin/gmake  -f CMakeFiles/cmTC_6fb9e.dir/build.make CMakeFiles/cmTC_6fb9e.dir/build
gmake[1]: Entering directory '/home/fasanchezc/poiseuille_mvp/build/CMakeFiles/CMakeTmp'
Building CXX object CMakeFiles/cmTC_6fb9e.dir/CheckFunctionExists.cxx.o
/opt/ohpc/pub/compiler/gcc/12.4.0/bin/c++   -DCHECK_FUNCTION_EXISTS=pthread_create -o CMakeFiles/cmTC_6fb9e.dir/CheckFunctionExists.cxx.o -c /home/fasanchezc/poiseuille_mvp/build/CMakeFiles/CheckLibraryExists/CheckFunctionExists.cxx
Linking CXX executable cmTC_6fb9e
/opt/ohpc/pub/utils/cmake/3.24.2/bin/cmake -E cmake_link_script CMakeFiles/cmTC_6fb9e.dir/link.txt --verbose=1
/opt/ohpc/pub/compiler/gcc/12.4.0/bin/c++  -DCHECK_FUNCTION_EXISTS=pthread_create CMakeFiles/cmTC_6fb9e.dir/CheckFunctionExists.cxx.o -o cmTC_6fb9e  -lpthread 
gmake[1]: Leaving directory '/home/fasanchezc/poiseuille_mvp/build/CMakeFiles/CMakeTmp'



